Feb  7 18:55:01 daemon CRON[2068]: pam_unix(cron:session): session opened for user root by (uid=0)
Feb  7 18:55:01 daemon CRON[2068]: pam_unix(cron:session): session closed for user root
Feb  7 18:56:03 daemon sshd[2083]: Connection from 217.138.254.75 port 47312 on 172.104.132.106 port 22023
Feb  7 18:56:05 daemon sshd[2083]: Accepted key ED25519 SHA256:j90dNr2pzNbzKMy3ySDvQ/pK96O93Z7doCAJ+eKMYSU found at /home/mila/.ssh/authorized_keys:1
Feb  7 18:56:05 daemon sshd[2083]: Postponed publickey for mila from 217.138.254.75 port 47312 ssh2 [preauth]
Feb  7 18:56:12 daemon sshd[2083]: Accepted key ED25519 SHA256:j90dNr2pzNbzKMy3ySDvQ/pK96O93Z7doCAJ+eKMYSU found at /home/mila/.ssh/authorized_keys:1
Feb  7 18:56:12 daemon sshd[2083]: Accepted publickey for mila from 217.138.254.75 port 47312 ssh2: ED25519 SHA256:j90dNr2pzNbzKMy3ySDvQ/pK96O93Z7doCAJ+eKMYSU
Feb  7 18:56:12 daemon sshd[2083]: User child is on pid 2085
Feb  7 18:56:13 daemon sshd[2085]: Starting session: subsystem 'sftp' for mila from 217.138.254.75 port 47312 id 0
Feb  7 19:05:01 daemon CRON[2153]: pam_unix(cron:session): session opened for user root by (uid=0)
Feb  7 19:05:01 daemon CRON[2153]: pam_unix(cron:session): session closed for user root
Feb  7 19:09:01 daemon CRON[2186]: pam_unix(cron:session): session opened for user root by (uid=0)
Feb  7 19:09:01 daemon CRON[2186]: pam_unix(cron:session): session closed for user root
Feb  7 19:12:24 daemon su: pam_unix(su:session): session closed for user root
Feb  7 19:12:24 daemon systemd-logind[491]: Session c1 logged out. Waiting for processes to exit.
Feb  7 19:12:24 daemon systemd-logind[491]: Removed session c1.
Feb  7 19:12:24 daemon sudo: pam_unix(sudo:session): session closed for user root
Feb  7 19:12:28 daemon sshd[1204]: Received disconnect from 217.138.254.75 port 47306:11: disconnected by user
Feb  7 19:12:28 daemon sshd[1204]: Disconnected from user mila 217.138.254.75 port 47306
Feb  7 19:12:32 daemon sshd[2085]: Received disconnect from 217.138.254.75 port 47312:11: disconnected by user
Feb  7 19:12:32 daemon sshd[2085]: Disconnected from user mila 217.138.254.75 port 47312
Feb  7 19:14:43 daemon sshd[2284]: Connection from 217.138.254.75 port 47314 on 172.104.132.106 port 22023
Feb  7 19:14:45 daemon sshd[2284]: Accepted key ED25519 SHA256:j90dNr2pzNbzKMy3ySDvQ/pK96O93Z7doCAJ+eKMYSU found at /home/mila/.ssh/authorized_keys:1
Feb  7 19:14:45 daemon sshd[2284]: Postponed publickey for mila from 217.138.254.75 port 47314 ssh2 [preauth]
Feb  7 19:14:51 daemon sshd[2284]: Accepted key ED25519 SHA256:j90dNr2pzNbzKMy3ySDvQ/pK96O93Z7doCAJ+eKMYSU found at /home/mila/.ssh/authorized_keys:1
Feb  7 19:14:51 daemon sshd[2284]: Accepted publickey for mila from 217.138.254.75 port 47314 ssh2: ED25519 SHA256:j90dNr2pzNbzKMy3ySDvQ/pK96O93Z7doCAJ+eKMYSU
Feb  7 19:14:51 daemon sshd[2284]: User child is on pid 2286
Feb  7 19:14:51 daemon sshd[2286]: Starting session: shell on pts/0 for mila from 217.138.254.75 port 47314 id 0
Feb  7 19:15:01 daemon CRON[2291]: pam_unix(cron:session): session opened for user root by (uid=0)
Feb  7 19:15:01 daemon CRON[2291]: pam_unix(cron:session): session closed for user root
Feb  7 19:15:21 daemon sudo:     mila : TTY=pts/0 ; PWD=/home/mila ; USER=root ; COMMAND=/usr/bin/ls -l /var/log/apache2
Feb  7 19:15:21 daemon sudo: pam_unix(sudo:session): session opened for user root by mila(uid=0)
Feb  7 19:15:21 daemon sudo: pam_unix(sudo:session): session closed for user root
Feb  7 19:16:02 daemon sudo:     mila : TTY=pts/0 ; PWD=/home/mila ; USER=root ; COMMAND=/usr/bin/rm /var/log/apache2/modsec_audit.log.0
Feb  7 19:16:02 daemon sudo: pam_unix(sudo:session): session opened for user root by mila(uid=0)
Feb  7 19:16:02 daemon sudo: pam_unix(sudo:session): session closed for user root
Feb  7 19:16:04 daemon sudo:     mila : TTY=pts/0 ; PWD=/home/mila ; USER=root ; COMMAND=/usr/bin/ls -l /var/log/apache2
Feb  7 19:16:04 daemon sudo: pam_unix(sudo:session): session opened for user root by mila(uid=0)
Feb  7 19:16:04 daemon sudo: pam_unix(sudo:session): session closed for user root
Feb  7 19:16:48 daemon sudo:     mila : TTY=pts/0 ; PWD=/home/mila ; USER=root ; COMMAND=/usr/bin/apt-get autoremove
Feb  7 19:16:48 daemon sudo: pam_unix(sudo:session): session opened for user root by mila(uid=0)
Feb  7 19:16:49 daemon sudo: pam_unix(sudo:session): session closed for user root
Feb  7 19:16:59 daemon sudo:     mila : TTY=pts/0 ; PWD=/home/mila ; USER=root ; COMMAND=/usr/bin/apt-get update -y
Feb  7 19:16:59 daemon sudo: pam_unix(sudo:session): session opened for user root by mila(uid=0)
Feb  7 19:17:01 daemon CRON[2892]: pam_unix(cron:session): session opened for user root by (uid=0)
Feb  7 19:17:01 daemon CRON[2892]: pam_unix(cron:session): session closed for user root
Feb  7 19:17:03 daemon sudo: pam_unix(sudo:session): session closed for user root
Feb  7 19:17:10 daemon sudo:     mila : TTY=pts/0 ; PWD=/home/mila ; USER=root ; COMMAND=/usr/bin/apt-get upgrade
Feb  7 19:17:10 daemon sudo: pam_unix(sudo:session): session opened for user root by mila(uid=0)
Feb  7 19:17:11 daemon sudo: pam_unix(sudo:session): session closed for user root
Feb  7 19:17:14 daemon sshd[2286]: Received disconnect from 217.138.254.75 port 47314:11: disconnected by user
Feb  7 19:17:14 daemon sshd[2286]: Disconnected from user mila 217.138.254.75 port 47314
Feb  7 19:17:40 daemon systemd-logind[491]: Power key pressed.
Feb  7 19:17:40 daemon systemd-logind[491]: Powering Off...
Feb  7 19:17:41 daemon systemd-logind[491]: System is powering down.
Feb  7 19:18:09 daemon systemd-logind[474]: Watching system buttons on /dev/input/event3 (Power Button)
Feb  7 19:18:09 daemon systemd-logind[474]: Watching system buttons on /dev/input/event0 (AT Translated Set 2 keyboard)
Feb  7 19:18:09 daemon systemd-logind[474]: New seat seat0.
Feb  7 19:18:10 daemon sshd[601]: Server listening on 0.0.0.0 port 22023.
Feb  7 19:23:30 daemon sshd[1187]: Connection from 217.138.254.75 port 47316 on 172.104.132.106 port 22023
Feb  7 19:23:32 daemon sshd[1187]: Accepted key ED25519 SHA256:j90dNr2pzNbzKMy3ySDvQ/pK96O93Z7doCAJ+eKMYSU found at /home/mila/.ssh/authorized_keys:1
Feb  7 19:23:32 daemon sshd[1187]: Postponed publickey for mila from 217.138.254.75 port 47316 ssh2 [preauth]
Feb  7 19:23:38 daemon sshd[1187]: Accepted key ED25519 SHA256:j90dNr2pzNbzKMy3ySDvQ/pK96O93Z7doCAJ+eKMYSU found at /home/mila/.ssh/authorized_keys:1
Feb  7 19:23:38 daemon sshd[1187]: Accepted publickey for mila from 217.138.254.75 port 47316 ssh2: ED25519 SHA256:j90dNr2pzNbzKMy3ySDvQ/pK96O93Z7doCAJ+eKMYSU
Feb  7 19:23:38 daemon sshd[1187]: User child is on pid 1191
Feb  7 19:23:39 daemon sshd[1191]: Starting session: shell on pts/0 for mila from 217.138.254.75 port 47316 id 0
Feb  7 19:24:10 daemon sudo:     mila : TTY=pts/0 ; PWD=/home/mila ; USER=root ; COMMAND=/usr/bin/ls -l /var/log/apache2/audit/www-data
Feb  7 19:24:10 daemon sudo: pam_unix(sudo:session): session opened for user root by mila(uid=0)
Feb  7 19:24:10 daemon sudo: pam_unix(sudo:session): session closed for user root
Feb  7 19:24:40 daemon sudo:     mila : TTY=pts/0 ; PWD=/home/mila ; USER=root ; COMMAND=/usr/bin/rm -R /var/log/apache2/audit/www-data/20220203
Feb  7 19:24:40 daemon sudo: pam_unix(sudo:session): session opened for user root by mila(uid=0)
Feb  7 19:24:40 daemon sudo: pam_unix(sudo:session): session closed for user root
Feb  7 19:24:44 daemon sudo:     mila : TTY=pts/0 ; PWD=/home/mila ; USER=root ; COMMAND=/usr/bin/rm -R /var/log/apache2/audit/www-data/20220204
Feb  7 19:24:44 daemon sudo: pam_unix(sudo:session): session opened for user root by mila(uid=0)
Feb  7 19:24:44 daemon sudo: pam_unix(sudo:session): session closed for user root
Feb  7 19:24:48 daemon sudo:     mila : TTY=pts/0 ; PWD=/home/mila ; USER=root ; COMMAND=/usr/bin/rm -R /var/log/apache2/audit/www-data/20220205
Feb  7 19:24:48 daemon sudo: pam_unix(sudo:session): session opened for user root by mila(uid=0)
Feb  7 19:24:49 daemon sudo: pam_unix(sudo:session): session closed for user root
Feb  7 19:24:51 daemon sudo:     mila : TTY=pts/0 ; PWD=/home/mila ; USER=root ; COMMAND=/usr/bin/rm -R /var/log/apache2/audit/www-data/20220206
Feb  7 19:24:51 daemon sudo: pam_unix(sudo:session): session opened for user root by mila(uid=0)
Feb  7 19:24:51 daemon sudo: pam_unix(sudo:session): session closed for user root
Feb  7 19:24:55 daemon sudo:     mila : TTY=pts/0 ; PWD=/home/mila ; USER=root ; COMMAND=/usr/bin/ls -l /var/log/apache2/audit/www-data
Feb  7 19:24:55 daemon sudo: pam_unix(sudo:session): session opened for user root by mila(uid=0)
Feb  7 19:24:55 daemon sudo: pam_unix(sudo:session): session closed for user root
Feb  7 19:25:01 daemon CRON[1242]: pam_unix(cron:session): session opened for user root by (uid=0)
Feb  7 19:25:01 daemon CRON[1242]: pam_unix(cron:session): session closed for user root
Feb  7 19:32:00 daemon sudo:     mila : TTY=pts/0 ; PWD=/home/mila ; USER=root ; COMMAND=/usr/bin/nano /etc/fail2ban/jail.local
Feb  7 19:32:00 daemon sudo: pam_unix(sudo:session): session opened for user root by mila(uid=0)
Feb  7 19:35:01 daemon CRON[1362]: pam_unix(cron:session): session opened for user root by (uid=0)
Feb  7 19:35:01 daemon CRON[1362]: pam_unix(cron:session): session closed for user root
Feb  7 19:36:21 daemon sudo: pam_unix(sudo:session): session closed for user root
Feb  7 19:36:44 daemon sudo:     mila : TTY=pts/0 ; PWD=/home/mila ; USER=root ; COMMAND=/usr/bin/systemctl restart fail2ban
Feb  7 19:36:44 daemon sudo: pam_unix(sudo:session): session opened for user root by mila(uid=0)
Feb  7 19:36:45 daemon sudo: pam_unix(sudo:session): session closed for user root
Feb  7 19:36:57 daemon sudo:     mila : TTY=pts/0 ; PWD=/home/mila ; USER=root ; COMMAND=/usr/bin/systemctl status fail2ban
Feb  7 19:36:57 daemon sudo: pam_unix(sudo:session): session opened for user root by mila(uid=0)
Feb  7 19:36:57 daemon sudo: pam_unix(sudo:session): session closed for user root
Feb  7 19:37:16 daemon sudo:     mila : TTY=pts/0 ; PWD=/home/mila ; USER=root ; COMMAND=/usr/bin/nano /etc/fail2ban/jail.local
Feb  7 19:37:16 daemon sudo: pam_unix(sudo:session): session opened for user root by mila(uid=0)
Feb  7 19:38:32 daemon sudo: pam_unix(sudo:session): session closed for user root
Feb  7 19:38:36 daemon sudo:     mila : TTY=pts/0 ; PWD=/home/mila ; USER=root ; COMMAND=/usr/bin/systemctl restart fail2ban
Feb  7 19:38:36 daemon sudo: pam_unix(sudo:session): session opened for user root by mila(uid=0)
Feb  7 19:38:36 daemon sudo: pam_unix(sudo:session): session closed for user root
Feb  7 19:38:40 daemon sudo:     mila : TTY=pts/0 ; PWD=/home/mila ; USER=root ; COMMAND=/usr/bin/systemctl status fail2ban
Feb  7 19:38:40 daemon sudo: pam_unix(sudo:session): session opened for user root by mila(uid=0)
Feb  7 19:38:40 daemon sudo: pam_unix(sudo:session): session closed for user root
Feb  7 19:38:59 daemon sudo:     mila : TTY=pts/0 ; PWD=/home/mila ; USER=root ; COMMAND=/usr/bin/fail2ban-client status
Feb  7 19:38:59 daemon sudo: pam_unix(sudo:session): session opened for user root by mila(uid=0)
Feb  7 19:38:59 daemon sudo: pam_unix(sudo:session): session closed for user root
Feb  7 19:39:01 daemon CRON[2159]: pam_unix(cron:session): session opened for user root by (uid=0)
Feb  7 19:39:01 daemon CRON[2159]: pam_unix(cron:session): session closed for user root
Feb  7 19:39:15 daemon sudo:     mila : TTY=pts/0 ; PWD=/home/mila ; USER=root ; COMMAND=/usr/bin/fail2ban-client status apache-modsecurity
Feb  7 19:39:15 daemon sudo: pam_unix(sudo:session): session opened for user root by mila(uid=0)
Feb  7 19:39:15 daemon sudo: pam_unix(sudo:session): session closed for user root
Feb  7 19:39:33 daemon sudo:     mila : TTY=pts/0 ; PWD=/home/mila ; USER=root ; COMMAND=/usr/bin/fail2ban-client status sshd
Feb  7 19:39:33 daemon sudo: pam_unix(sudo:session): session opened for user root by mila(uid=0)
Feb  7 19:39:33 daemon sudo: pam_unix(sudo:session): session closed for user root
Feb  7 19:42:07 daemon sudo:     mila : TTY=pts/0 ; PWD=/home/mila ; USER=root ; COMMAND=/usr/sbin/ufw status verbose
Feb  7 19:42:07 daemon sudo: pam_unix(sudo:session): session opened for user root by mila(uid=0)
Feb  7 19:42:07 daemon sudo: pam_unix(sudo:session): session closed for user root
Feb  7 19:42:18 daemon sudo:     mila : TTY=pts/0 ; PWD=/home/mila ; USER=root ; COMMAND=/usr/bin/nano /etc/fail2ban/jail.local
Feb  7 19:42:18 daemon sudo: pam_unix(sudo:session): session opened for user root by mila(uid=0)
Feb  7 19:42:28 daemon sudo: pam_unix(sudo:session): session closed for user root
Feb  7 19:42:45 daemon sudo:     mila : TTY=pts/0 ; PWD=/home/mila ; USER=root ; COMMAND=/usr/bin/ls /etc/fail2ban
Feb  7 19:42:45 daemon sudo: pam_unix(sudo:session): session opened for user root by mila(uid=0)
Feb  7 19:42:45 daemon sudo: pam_unix(sudo:session): session closed for user root
Feb  7 19:42:55 daemon sudo:     mila : TTY=pts/0 ; PWD=/home/mila ; USER=root ; COMMAND=/usr/bin/ls /etc/fail2ban/fail2ban.d
Feb  7 19:42:55 daemon sudo: pam_unix(sudo:session): session opened for user root by mila(uid=0)
Feb  7 19:42:55 daemon sudo: pam_unix(sudo:session): session closed for user root
Feb  7 19:43:15 daemon sudo:     mila : TTY=pts/0 ; PWD=/home/mila ; USER=root ; COMMAND=/usr/bin/ls /etc/fail2ban/filter.d
Feb  7 19:43:15 daemon sudo: pam_unix(sudo:session): session opened for user root by mila(uid=0)
Feb  7 19:43:15 daemon sudo: pam_unix(sudo:session): session closed for user root
Feb  7 19:43:42 daemon sudo:     mila : TTY=pts/0 ; PWD=/home/mila ; USER=root ; COMMAND=/usr/bin/ls /etc/fail2ban/action.d
Feb  7 19:43:42 daemon sudo: pam_unix(sudo:session): session opened for user root by mila(uid=0)
Feb  7 19:43:42 daemon sudo: pam_unix(sudo:session): session closed for user root
Feb  7 19:44:00 daemon sudo:     mila : TTY=pts/0 ; PWD=/home/mila ; USER=root ; COMMAND=/usr/bin/nano /etc/fail2ban/action.d/ufw.conf
Feb  7 19:44:00 daemon sudo: pam_unix(sudo:session): session opened for user root by mila(uid=0)
Feb  7 19:44:36 daemon sudo: pam_unix(sudo:session): session closed for user root
Feb  7 19:44:43 daemon sudo:     mila : TTY=pts/0 ; PWD=/home/mila ; USER=root ; COMMAND=/usr/bin/systemctl restart fail2ban
Feb  7 19:44:43 daemon sudo: pam_unix(sudo:session): session opened for user root by mila(uid=0)
Feb  7 19:44:45 daemon sudo: pam_unix(sudo:session): session closed for user root
Feb  7 19:44:51 daemon sudo:     mila : TTY=pts/0 ; PWD=/home/mila ; USER=root ; COMMAND=/usr/bin/systemctl status fail2ban
Feb  7 19:44:51 daemon sudo: pam_unix(sudo:session): session opened for user root by mila(uid=0)
Feb  7 19:44:51 daemon sudo: pam_unix(sudo:session): session closed for user root
Feb  7 19:45:01 daemon CRON[3110]: pam_unix(cron:session): session opened for user root by (uid=0)
Feb  7 19:45:01 daemon CRON[3110]: pam_unix(cron:session): session closed for user root
Feb  7 19:55:01 daemon CRON[3176]: pam_unix(cron:session): session opened for user root by (uid=0)
Feb  7 19:55:01 daemon CRON[3176]: pam_unix(cron:session): session closed for user root
Feb  7 20:00:07 daemon sudo:     mila : TTY=pts/0 ; PWD=/home/mila ; USER=root ; COMMAND=/usr/sbin/ufw status verbose
Feb  7 20:00:07 daemon sudo: pam_unix(sudo:session): session opened for user root by mila(uid=0)
Feb  7 20:00:08 daemon sudo: pam_unix(sudo:session): session closed for user root
Feb  7 20:00:32 daemon sudo:     mila : TTY=pts/0 ; PWD=/home/mila ; USER=root ; COMMAND=/usr/sbin/ufw allow out whois
Feb  7 20:00:32 daemon sudo: pam_unix(sudo:session): session opened for user root by mila(uid=0)
Feb  7 20:00:32 daemon sudo: pam_unix(sudo:session): session closed for user root
Feb  7 20:00:35 daemon sudo:     mila : TTY=pts/0 ; PWD=/home/mila ; USER=root ; COMMAND=/usr/sbin/ufw status verbose
Feb  7 20:00:35 daemon sudo: pam_unix(sudo:session): session opened for user root by mila(uid=0)
Feb  7 20:00:35 daemon sudo: pam_unix(sudo:session): session closed for user root
Feb  7 20:01:54 daemon sshd[1191]: Received disconnect from 217.138.254.75 port 47316:11: disconnected by user
Feb  7 20:01:54 daemon sshd[1191]: Disconnected from user mila 217.138.254.75 port 47316
Feb  7 20:05:01 daemon CRON[3236]: pam_unix(cron:session): session opened for user root by (uid=0)
Feb  7 20:05:01 daemon CRON[3236]: pam_unix(cron:session): session closed for user root
Feb  7 20:09:01 daemon CRON[3240]: pam_unix(cron:session): session opened for user root by (uid=0)
Feb  7 20:09:01 daemon CRON[3240]: pam_unix(cron:session): session closed for user root
Feb  7 20:15:01 daemon CRON[3339]: pam_unix(cron:session): session opened for user root by (uid=0)
Feb  7 20:15:01 daemon CRON[3339]: pam_unix(cron:session): session closed for user root
Feb  7 20:17:01 daemon CRON[3342]: pam_unix(cron:session): session opened for user root by (uid=0)
Feb  7 20:17:01 daemon CRON[3342]: pam_unix(cron:session): session closed for user root
Feb  7 20:25:01 daemon CRON[3362]: pam_unix(cron:session): session opened for user root by (uid=0)
Feb  7 20:25:01 daemon CRON[3362]: pam_unix(cron:session): session closed for user root
Feb  7 20:35:01 daemon CRON[3366]: pam_unix(cron:session): session opened for user root by (uid=0)
Feb  7 20:35:01 daemon CRON[3366]: pam_unix(cron:session): session closed for user root
Feb  7 20:36:29 daemon sshd[3369]: Connection from 217.138.254.75 port 47318 on 172.104.132.106 port 22023
Feb  7 20:36:30 daemon sshd[3369]: Accepted key ED25519 SHA256:j90dNr2pzNbzKMy3ySDvQ/pK96O93Z7doCAJ+eKMYSU found at /home/mila/.ssh/authorized_keys:1
Feb  7 20:36:30 daemon sshd[3369]: Postponed publickey for mila from 217.138.254.75 port 47318 ssh2 [preauth]
Feb  7 20:36:32 daemon sshd[3369]: Accepted key ED25519 SHA256:j90dNr2pzNbzKMy3ySDvQ/pK96O93Z7doCAJ+eKMYSU found at /home/mila/.ssh/authorized_keys:1
Feb  7 20:36:32 daemon sshd[3369]: Accepted publickey for mila from 217.138.254.75 port 47318 ssh2: ED25519 SHA256:j90dNr2pzNbzKMy3ySDvQ/pK96O93Z7doCAJ+eKMYSU
Feb  7 20:36:32 daemon sshd[3369]: User child is on pid 3371
Feb  7 20:36:33 daemon sshd[3371]: Starting session: shell on pts/0 for mila from 217.138.254.75 port 47318 id 0
Feb  7 20:37:19 daemon sudo: pam_unix(sudo:auth): authentication failure; logname=mila uid=1000 euid=0 tty=/dev/pts/0 ruser=mila rhost=  user=mila
Feb  7 20:37:24 daemon sudo:     mila : TTY=pts/0 ; PWD=/home/mila ; USER=root ; COMMAND=/usr/bin/apt-get update -y
Feb  7 20:37:24 daemon sudo: pam_unix(sudo:session): session opened for user root by mila(uid=0)
Feb  7 20:37:26 daemon sudo: pam_unix(sudo:session): session closed for user root
Feb  7 20:37:55 daemon sshd[4044]: Connection from 217.138.254.75 port 47320 on 172.104.132.106 port 22023
Feb  7 20:37:57 daemon sshd[4044]: Accepted key ED25519 SHA256:j90dNr2pzNbzKMy3ySDvQ/pK96O93Z7doCAJ+eKMYSU found at /home/mila/.ssh/authorized_keys:1
Feb  7 20:37:57 daemon sshd[4044]: Postponed publickey for mila from 217.138.254.75 port 47320 ssh2 [preauth]
Feb  7 20:38:00 daemon sshd[4044]: Accepted key ED25519 SHA256:j90dNr2pzNbzKMy3ySDvQ/pK96O93Z7doCAJ+eKMYSU found at /home/mila/.ssh/authorized_keys:1
Feb  7 20:38:00 daemon sshd[4044]: Accepted publickey for mila from 217.138.254.75 port 47320 ssh2: ED25519 SHA256:j90dNr2pzNbzKMy3ySDvQ/pK96O93Z7doCAJ+eKMYSU
Feb  7 20:38:00 daemon sshd[4044]: User child is on pid 4046
Feb  7 20:38:00 daemon sshd[4046]: Starting session: subsystem 'sftp' for mila from 217.138.254.75 port 47320 id 0
Feb  7 20:38:11 daemon sudo:     mila : TTY=pts/0 ; PWD=/home/mila ; USER=root ; COMMAND=/usr/sbin/ufw status
Feb  7 20:38:11 daemon sudo: pam_unix(sudo:session): session opened for user root by mila(uid=0)
Feb  7 20:38:11 daemon sudo: pam_unix(sudo:session): session closed for user root
Feb  7 20:38:22 daemon sudo:     mila : TTY=pts/0 ; PWD=/home/mila ; USER=root ; COMMAND=/usr/sbin/ufw status numbered
Feb  7 20:38:22 daemon sudo: pam_unix(sudo:session): session opened for user root by mila(uid=0)
Feb  7 20:38:22 daemon sudo: pam_unix(sudo:session): session closed for user root
Feb  7 20:39:01 daemon CRON[4060]: pam_unix(cron:session): session opened for user root by (uid=0)
Feb  7 20:39:01 daemon CRON[4060]: pam_unix(cron:session): session closed for user root
Feb  7 20:45:01 daemon CRON[4144]: pam_unix(cron:session): session opened for user root by (uid=0)
Feb  7 20:45:01 daemon CRON[4144]: pam_unix(cron:session): session closed for user root
Feb  7 20:55:01 daemon CRON[4147]: pam_unix(cron:session): session opened for user root by (uid=0)
Feb  7 20:55:01 daemon CRON[4147]: pam_unix(cron:session): session closed for user root
Feb  7 21:05:01 daemon CRON[4150]: pam_unix(cron:session): session opened for user root by (uid=0)
Feb  7 21:05:01 daemon CRON[4150]: pam_unix(cron:session): session closed for user root
Feb  7 21:09:01 daemon CRON[4153]: pam_unix(cron:session): session opened for user root by (uid=0)
Feb  7 21:09:01 daemon CRON[4153]: pam_unix(cron:session): session closed for user root
Feb  7 21:15:01 daemon CRON[4235]: pam_unix(cron:session): session opened for user root by (uid=0)
Feb  7 21:15:01 daemon CRON[4235]: pam_unix(cron:session): session closed for user root
Feb  7 21:17:01 daemon CRON[4238]: pam_unix(cron:session): session opened for user root by (uid=0)
Feb  7 21:17:01 daemon CRON[4238]: pam_unix(cron:session): session closed for user root
Feb  7 21:25:01 daemon CRON[4277]: pam_unix(cron:session): session opened for user root by (uid=0)
Feb  7 21:25:01 daemon CRON[4277]: pam_unix(cron:session): session closed for user root
Feb  7 21:35:01 daemon CRON[4282]: pam_unix(cron:session): session opened for user root by (uid=0)
Feb  7 21:35:01 daemon CRON[4282]: pam_unix(cron:session): session closed for user root
Feb  7 21:38:01 daemon sshd[4046]: Timeout, client not responding from user mila 217.138.254.75 port 47320
Feb  7 21:38:22 daemon sshd[3371]: Timeout, client not responding from user mila 217.138.254.75 port 47318
Feb  7 21:39:01 daemon CRON[4289]: pam_unix(cron:session): session opened for user root by (uid=0)
Feb  7 21:39:01 daemon CRON[4289]: pam_unix(cron:session): session closed for user root
Feb  7 21:45:01 daemon CRON[4405]: pam_unix(cron:session): session opened for user root by (uid=0)
Feb  7 21:45:01 daemon CRON[4405]: pam_unix(cron:session): session closed for user root
Feb  7 21:55:01 daemon CRON[4446]: pam_unix(cron:session): session opened for user root by (uid=0)
Feb  7 21:55:01 daemon CRON[4446]: pam_unix(cron:session): session closed for user root
Feb  7 22:05:01 daemon CRON[4501]: pam_unix(cron:session): session opened for user root by (uid=0)
Feb  7 22:05:01 daemon CRON[4501]: pam_unix(cron:session): session closed for user root
Feb  7 22:09:01 daemon CRON[4505]: pam_unix(cron:session): session opened for user root by (uid=0)
Feb  7 22:09:01 daemon CRON[4505]: pam_unix(cron:session): session closed for user root
Feb  7 22:15:01 daemon CRON[4625]: pam_unix(cron:session): session opened for user root by (uid=0)
Feb  7 22:15:01 daemon CRON[4625]: pam_unix(cron:session): session closed for user root
Feb  7 22:17:01 daemon CRON[4628]: pam_unix(cron:session): session opened for user root by (uid=0)
Feb  7 22:17:01 daemon CRON[4628]: pam_unix(cron:session): session closed for user root
Feb  7 22:25:01 daemon CRON[4665]: pam_unix(cron:session): session opened for user root by (uid=0)
Feb  7 22:25:01 daemon CRON[4665]: pam_unix(cron:session): session closed for user root
Feb  7 22:35:01 daemon CRON[4668]: pam_unix(cron:session): session opened for user root by (uid=0)
Feb  7 22:35:01 daemon CRON[4668]: pam_unix(cron:session): session closed for user root
Feb  7 22:39:01 daemon CRON[4672]: pam_unix(cron:session): session opened for user root by (uid=0)
Feb  7 22:39:01 daemon CRON[4672]: pam_unix(cron:session): session closed for user root
Feb  7 22:45:01 daemon CRON[4759]: pam_unix(cron:session): session opened for user root by (uid=0)
Feb  7 22:45:01 daemon CRON[4759]: pam_unix(cron:session): session closed for user root
Feb  7 22:55:01 daemon CRON[4762]: pam_unix(cron:session): session opened for user root by (uid=0)
Feb  7 22:55:01 daemon CRON[4762]: pam_unix(cron:session): session closed for user root
Feb  7 23:05:01 daemon CRON[4766]: pam_unix(cron:session): session opened for user root by (uid=0)
Feb  7 23:05:01 daemon CRON[4766]: pam_unix(cron:session): session closed for user root
Feb  7 23:09:01 daemon CRON[4769]: pam_unix(cron:session): session opened for user root by (uid=0)
Feb  7 23:09:01 daemon CRON[4769]: pam_unix(cron:session): session closed for user root
Feb  7 23:15:01 daemon CRON[4855]: pam_unix(cron:session): session opened for user root by (uid=0)
Feb  7 23:15:01 daemon CRON[4855]: pam_unix(cron:session): session closed for user root
Feb  7 23:17:01 daemon CRON[4858]: pam_unix(cron:session): session opened for user root by (uid=0)
Feb  7 23:17:01 daemon CRON[4858]: pam_unix(cron:session): session closed for user root
Feb  7 23:25:01 daemon CRON[4861]: pam_unix(cron:session): session opened for user root by (uid=0)
Feb  7 23:25:01 daemon CRON[4861]: pam_unix(cron:session): session closed for user root
Feb  7 23:35:01 daemon CRON[4865]: pam_unix(cron:session): session opened for user root by (uid=0)
Feb  7 23:35:01 daemon CRON[4865]: pam_unix(cron:session): session closed for user root
Feb  7 23:39:01 daemon CRON[4885]: pam_unix(cron:session): session opened for user root by (uid=0)
Feb  7 23:39:01 daemon CRON[4885]: pam_unix(cron:session): session closed for user root
Feb  7 23:45:01 daemon CRON[4972]: pam_unix(cron:session): session opened for user root by (uid=0)
Feb  7 23:45:01 daemon CRON[4972]: pam_unix(cron:session): session closed for user root
Feb  7 23:55:01 daemon CRON[5010]: pam_unix(cron:session): session opened for user root by (uid=0)
Feb  7 23:55:01 daemon CRON[5010]: pam_unix(cron:session): session closed for user root
Feb  7 23:59:01 daemon CRON[5013]: pam_unix(cron:session): session opened for user root by (uid=0)
Feb  7 23:59:01 daemon CRON[5013]: pam_unix(cron:session): session closed for user root
Feb  8 00:05:01 daemon CRON[5071]: pam_unix(cron:session): session opened for user root by (uid=0)
Feb  8 00:05:01 daemon CRON[5071]: pam_unix(cron:session): session closed for user root
Feb  8 00:09:01 daemon CRON[5074]: pam_unix(cron:session): session opened for user root by (uid=0)
Feb  8 00:09:01 daemon CRON[5074]: pam_unix(cron:session): session closed for user root
Feb  8 00:15:01 daemon CRON[5171]: pam_unix(cron:session): session opened for user root by (uid=0)
Feb  8 00:15:01 daemon CRON[5171]: pam_unix(cron:session): session closed for user root
Feb  8 00:17:01 daemon CRON[5174]: pam_unix(cron:session): session opened for user root by (uid=0)
Feb  8 00:17:01 daemon CRON[5174]: pam_unix(cron:session): session closed for user root
Feb  8 00:25:01 daemon CRON[5177]: pam_unix(cron:session): session opened for user root by (uid=0)
Feb  8 00:25:01 daemon CRON[5177]: pam_unix(cron:session): session closed for user root
Feb  8 00:35:01 daemon CRON[5180]: pam_unix(cron:session): session opened for user root by (uid=0)
Feb  8 00:35:01 daemon CRON[5180]: pam_unix(cron:session): session closed for user root
Feb  8 00:39:01 daemon CRON[5261]: pam_unix(cron:session): session opened for user root by (uid=0)
Feb  8 00:39:01 daemon CRON[5261]: pam_unix(cron:session): session closed for user root
Feb  8 00:45:01 daemon CRON[5263]: pam_unix(cron:session): session opened for user root by (uid=0)
Feb  8 00:45:01 daemon CRON[5263]: pam_unix(cron:session): session closed for user root
Feb  8 00:55:01 daemon CRON[5268]: pam_unix(cron:session): session opened for user root by (uid=0)
Feb  8 00:55:01 daemon CRON[5268]: pam_unix(cron:session): session closed for user root
Feb  8 01:05:01 daemon CRON[5271]: pam_unix(cron:session): session opened for user root by (uid=0)
Feb  8 01:05:01 daemon CRON[5271]: pam_unix(cron:session): session closed for user root
Feb  8 01:09:01 daemon CRON[5384]: pam_unix(cron:session): session opened for user root by (uid=0)
Feb  8 01:09:01 daemon CRON[5384]: pam_unix(cron:session): session closed for user root
Feb  8 01:15:01 daemon CRON[5389]: pam_unix(cron:session): session opened for user root by (uid=0)
Feb  8 01:15:01 daemon CRON[5389]: pam_unix(cron:session): session closed for user root
Feb  8 01:17:01 daemon CRON[5392]: pam_unix(cron:session): session opened for user root by (uid=0)
Feb  8 01:17:01 daemon CRON[5392]: pam_unix(cron:session): session closed for user root
Feb  8 01:25:01 daemon CRON[5397]: pam_unix(cron:session): session opened for user root by (uid=0)
Feb  8 01:25:01 daemon CRON[5397]: pam_unix(cron:session): session closed for user root
Feb  8 01:35:01 daemon CRON[5400]: pam_unix(cron:session): session opened for user root by (uid=0)
Feb  8 01:35:01 daemon CRON[5400]: pam_unix(cron:session): session closed for user root
Feb  8 01:39:01 daemon CRON[5442]: pam_unix(cron:session): session opened for user root by (uid=0)
Feb  8 01:39:01 daemon CRON[5442]: pam_unix(cron:session): session closed for user root
Feb  8 01:45:01 daemon CRON[5483]: pam_unix(cron:session): session opened for user root by (uid=0)
Feb  8 01:45:01 daemon CRON[5483]: pam_unix(cron:session): session closed for user root
Feb  8 01:55:01 daemon CRON[5491]: pam_unix(cron:session): session opened for user root by (uid=0)
Feb  8 01:55:01 daemon CRON[5491]: pam_unix(cron:session): session closed for user root
Feb  8 02:05:01 daemon CRON[5495]: pam_unix(cron:session): session opened for user root by (uid=0)
Feb  8 02:05:02 daemon CRON[5495]: pam_unix(cron:session): session closed for user root
Feb  8 02:09:01 daemon CRON[5498]: pam_unix(cron:session): session opened for user root by (uid=0)
Feb  8 02:09:01 daemon CRON[5498]: pam_unix(cron:session): session closed for user root
Feb  8 02:15:01 daemon CRON[5578]: pam_unix(cron:session): session opened for user root by (uid=0)
Feb  8 02:15:01 daemon CRON[5578]: pam_unix(cron:session): session closed for user root
Feb  8 02:17:01 daemon CRON[5581]: pam_unix(cron:session): session opened for user root by (uid=0)
Feb  8 02:17:01 daemon CRON[5581]: pam_unix(cron:session): session closed for user root
Feb  8 02:25:01 daemon CRON[5585]: pam_unix(cron:session): session opened for user root by (uid=0)
Feb  8 02:25:01 daemon CRON[5585]: pam_unix(cron:session): session closed for user root
Feb  8 02:35:01 daemon CRON[5624]: pam_unix(cron:session): session opened for user root by (uid=0)
Feb  8 02:35:01 daemon CRON[5624]: pam_unix(cron:session): session closed for user root
Feb  8 02:39:01 daemon CRON[5627]: pam_unix(cron:session): session opened for user root by (uid=0)
Feb  8 02:39:01 daemon CRON[5627]: pam_unix(cron:session): session closed for user root
Feb  8 02:45:01 daemon CRON[5791]: pam_unix(cron:session): session opened for user root by (uid=0)
Feb  8 02:45:01 daemon CRON[5791]: pam_unix(cron:session): session closed for user root
Feb  8 02:55:01 daemon CRON[5794]: pam_unix(cron:session): session opened for user root by (uid=0)
Feb  8 02:55:01 daemon CRON[5794]: pam_unix(cron:session): session closed for user root
Feb  8 03:05:01 daemon CRON[5798]: pam_unix(cron:session): session opened for user root by (uid=0)
Feb  8 03:05:01 daemon CRON[5798]: pam_unix(cron:session): session closed for user root
Feb  8 03:09:01 daemon CRON[5803]: pam_unix(cron:session): session opened for user root by (uid=0)
Feb  8 03:09:01 daemon CRON[5803]: pam_unix(cron:session): session closed for user root
Feb  8 03:15:01 daemon CRON[5883]: pam_unix(cron:session): session opened for user root by (uid=0)
Feb  8 03:15:01 daemon CRON[5883]: pam_unix(cron:session): session closed for user root
Feb  8 03:17:01 daemon CRON[5886]: pam_unix(cron:session): session opened for user root by (uid=0)
Feb  8 03:17:01 daemon CRON[5886]: pam_unix(cron:session): session closed for user root
Feb  8 03:25:01 daemon CRON[5889]: pam_unix(cron:session): session opened for user root by (uid=0)
Feb  8 03:25:01 daemon CRON[5889]: pam_unix(cron:session): session closed for user root
Feb  8 03:35:01 daemon CRON[5895]: pam_unix(cron:session): session opened for user root by (uid=0)
Feb  8 03:35:01 daemon CRON[5895]: pam_unix(cron:session): session closed for user root
Feb  8 03:39:01 daemon CRON[5898]: pam_unix(cron:session): session opened for user root by (uid=0)
Feb  8 03:39:01 daemon CRON[5898]: pam_unix(cron:session): session closed for user root
Feb  8 03:45:01 daemon CRON[5978]: pam_unix(cron:session): session opened for user root by (uid=0)
Feb  8 03:45:01 daemon CRON[5978]: pam_unix(cron:session): session closed for user root
Feb  8 03:55:01 daemon CRON[5981]: pam_unix(cron:session): session opened for user root by (uid=0)
Feb  8 03:55:01 daemon CRON[5981]: pam_unix(cron:session): session closed for user root
Feb  8 04:05:01 daemon CRON[5987]: pam_unix(cron:session): session opened for user root by (uid=0)
Feb  8 04:05:01 daemon CRON[5987]: pam_unix(cron:session): session closed for user root
Feb  8 04:09:01 daemon CRON[5990]: pam_unix(cron:session): session opened for user root by (uid=0)
Feb  8 04:09:01 daemon CRON[5990]: pam_unix(cron:session): session closed for user root
Feb  8 04:15:01 daemon CRON[6074]: pam_unix(cron:session): session opened for user root by (uid=0)
Feb  8 04:15:01 daemon CRON[6074]: pam_unix(cron:session): session closed for user root
Feb  8 04:17:01 daemon CRON[6078]: pam_unix(cron:session): session opened for user root by (uid=0)
Feb  8 04:17:01 daemon CRON[6078]: pam_unix(cron:session): session closed for user root
Feb  8 04:25:01 daemon CRON[6081]: pam_unix(cron:session): session opened for user root by (uid=0)
Feb  8 04:25:01 daemon CRON[6081]: pam_unix(cron:session): session closed for user root
Feb  8 04:35:01 daemon CRON[6084]: pam_unix(cron:session): session opened for user root by (uid=0)
Feb  8 04:35:01 daemon CRON[6084]: pam_unix(cron:session): session closed for user root
Feb  8 04:39:01 daemon CRON[6087]: pam_unix(cron:session): session opened for user root by (uid=0)
Feb  8 04:39:01 daemon CRON[6087]: pam_unix(cron:session): session closed for user root
Feb  8 04:45:01 daemon CRON[6169]: pam_unix(cron:session): session opened for user root by (uid=0)
Feb  8 04:45:01 daemon CRON[6169]: pam_unix(cron:session): session closed for user root
Feb  8 04:55:01 daemon CRON[6172]: pam_unix(cron:session): session opened for user root by (uid=0)
Feb  8 04:55:01 daemon CRON[6172]: pam_unix(cron:session): session closed for user root
Feb  8 05:05:01 daemon CRON[6178]: pam_unix(cron:session): session opened for user root by (uid=0)
Feb  8 05:05:01 daemon CRON[6178]: pam_unix(cron:session): session closed for user root
Feb  8 05:09:01 daemon CRON[6181]: pam_unix(cron:session): session opened for user root by (uid=0)
Feb  8 05:09:01 daemon CRON[6181]: pam_unix(cron:session): session closed for user root
Feb  8 05:15:01 daemon CRON[6261]: pam_unix(cron:session): session opened for user root by (uid=0)
Feb  8 05:15:01 daemon CRON[6261]: pam_unix(cron:session): session closed for user root
Feb  8 05:17:01 daemon CRON[6264]: pam_unix(cron:session): session opened for user root by (uid=0)
Feb  8 05:17:01 daemon CRON[6264]: pam_unix(cron:session): session closed for user root
Feb  8 05:25:01 daemon CRON[6269]: pam_unix(cron:session): session opened for user root by (uid=0)
Feb  8 05:25:01 daemon CRON[6269]: pam_unix(cron:session): session closed for user root
Feb  8 05:35:01 daemon CRON[6272]: pam_unix(cron:session): session opened for user root by (uid=0)
Feb  8 05:35:01 daemon CRON[6272]: pam_unix(cron:session): session closed for user root
Feb  8 05:39:01 daemon CRON[6275]: pam_unix(cron:session): session opened for user root by (uid=0)
Feb  8 05:39:01 daemon CRON[6275]: pam_unix(cron:session): session closed for user root
Feb  8 05:45:01 daemon CRON[6355]: pam_unix(cron:session): session opened for user root by (uid=0)
Feb  8 05:45:01 daemon CRON[6355]: pam_unix(cron:session): session closed for user root
Feb  8 05:55:01 daemon CRON[6359]: pam_unix(cron:session): session opened for user root by (uid=0)
Feb  8 05:55:01 daemon CRON[6359]: pam_unix(cron:session): session closed for user root
Feb  8 06:05:01 daemon CRON[6362]: pam_unix(cron:session): session opened for user root by (uid=0)
Feb  8 06:05:01 daemon CRON[6362]: pam_unix(cron:session): session closed for user root
Feb  8 06:09:01 daemon CRON[6365]: pam_unix(cron:session): session opened for user root by (uid=0)
Feb  8 06:09:01 daemon CRON[6365]: pam_unix(cron:session): session closed for user root
Feb  8 06:15:01 daemon CRON[6516]: pam_unix(cron:session): session opened for user root by (uid=0)
Feb  8 06:15:01 daemon CRON[6516]: pam_unix(cron:session): session closed for user root
Feb  8 06:17:01 daemon CRON[6519]: pam_unix(cron:session): session opened for user root by (uid=0)
Feb  8 06:17:01 daemon CRON[6519]: pam_unix(cron:session): session closed for user root
Feb  8 06:25:01 daemon CRON[6525]: pam_unix(cron:session): session opened for user root by (uid=0)
Feb  8 06:25:01 daemon CRON[6524]: pam_unix(cron:session): session opened for user root by (uid=0)
Feb  8 06:25:01 daemon CRON[6525]: pam_unix(cron:session): session closed for user root
Feb  8 06:25:01 daemon CRON[6524]: pam_unix(cron:session): session closed for user root
Feb  8 06:35:01 daemon CRON[6728]: pam_unix(cron:session): session opened for user root by (uid=0)
Feb  8 06:35:01 daemon CRON[6728]: pam_unix(cron:session): session closed for user root
Feb  8 06:39:01 daemon CRON[6748]: pam_unix(cron:session): session opened for user root by (uid=0)
Feb  8 06:39:01 daemon CRON[6748]: pam_unix(cron:session): session closed for user root
Feb  8 06:45:01 daemon CRON[6829]: pam_unix(cron:session): session opened for user root by (uid=0)
Feb  8 06:45:01 daemon CRON[6829]: pam_unix(cron:session): session closed for user root
Feb  8 06:55:01 daemon CRON[6832]: pam_unix(cron:session): session opened for user root by (uid=0)
Feb  8 06:55:01 daemon CRON[6832]: pam_unix(cron:session): session closed for user root
Feb  8 07:05:01 daemon CRON[6836]: pam_unix(cron:session): session opened for user root by (uid=0)
Feb  8 07:05:01 daemon CRON[6836]: pam_unix(cron:session): session closed for user root
Feb  8 07:09:01 daemon CRON[6839]: pam_unix(cron:session): session opened for user root by (uid=0)
Feb  8 07:09:01 daemon CRON[6839]: pam_unix(cron:session): session closed for user root
Feb  8 07:15:01 daemon CRON[6919]: pam_unix(cron:session): session opened for user root by (uid=0)
Feb  8 07:15:01 daemon CRON[6919]: pam_unix(cron:session): session closed for user root
Feb  8 07:17:01 daemon CRON[6922]: pam_unix(cron:session): session opened for user root by (uid=0)
Feb  8 07:17:01 daemon CRON[6922]: pam_unix(cron:session): session closed for user root
Feb  8 07:25:01 daemon CRON[6942]: pam_unix(cron:session): session opened for user root by (uid=0)
Feb  8 07:25:01 daemon CRON[6942]: pam_unix(cron:session): session closed for user root
Feb  8 07:35:01 daemon CRON[6946]: pam_unix(cron:session): session opened for user root by (uid=0)
Feb  8 07:35:01 daemon CRON[6946]: pam_unix(cron:session): session closed for user root
Feb  8 07:39:01 daemon CRON[6949]: pam_unix(cron:session): session opened for user root by (uid=0)
Feb  8 07:39:01 daemon CRON[6949]: pam_unix(cron:session): session closed for user root
Feb  8 07:45:01 daemon CRON[7030]: pam_unix(cron:session): session opened for user root by (uid=0)
Feb  8 07:45:01 daemon CRON[7030]: pam_unix(cron:session): session closed for user root
Feb  8 07:55:01 daemon CRON[7033]: pam_unix(cron:session): session opened for user root by (uid=0)
Feb  8 07:55:01 daemon CRON[7033]: pam_unix(cron:session): session closed for user root
Feb  8 08:05:01 daemon CRON[7038]: pam_unix(cron:session): session opened for user root by (uid=0)
Feb  8 08:05:01 daemon CRON[7038]: pam_unix(cron:session): session closed for user root
Feb  8 08:09:01 daemon CRON[7041]: pam_unix(cron:session): session opened for user root by (uid=0)
Feb  8 08:09:01 daemon CRON[7041]: pam_unix(cron:session): session closed for user root
Feb  8 08:15:01 daemon CRON[7121]: pam_unix(cron:session): session opened for user root by (uid=0)
Feb  8 08:15:01 daemon CRON[7121]: pam_unix(cron:session): session closed for user root
Feb  8 08:17:01 daemon CRON[7125]: pam_unix(cron:session): session opened for user root by (uid=0)
Feb  8 08:17:01 daemon CRON[7125]: pam_unix(cron:session): session closed for user root
Feb  8 08:25:01 daemon CRON[7129]: pam_unix(cron:session): session opened for user root by (uid=0)
Feb  8 08:25:01 daemon CRON[7129]: pam_unix(cron:session): session closed for user root
Feb  8 08:35:01 daemon CRON[7132]: pam_unix(cron:session): session opened for user root by (uid=0)
Feb  8 08:35:01 daemon CRON[7132]: pam_unix(cron:session): session closed for user root
Feb  8 08:39:01 daemon CRON[7135]: pam_unix(cron:session): session opened for user root by (uid=0)
Feb  8 08:39:01 daemon CRON[7135]: pam_unix(cron:session): session closed for user root
Feb  8 08:45:01 daemon CRON[7215]: pam_unix(cron:session): session opened for user root by (uid=0)
Feb  8 08:45:01 daemon CRON[7215]: pam_unix(cron:session): session closed for user root
Feb  8 08:55:01 daemon CRON[7253]: pam_unix(cron:session): session opened for user root by (uid=0)
Feb  8 08:55:01 daemon CRON[7253]: pam_unix(cron:session): session closed for user root
Feb  8 09:05:01 daemon CRON[7259]: pam_unix(cron:session): session opened for user root by (uid=0)
Feb  8 09:05:01 daemon CRON[7259]: pam_unix(cron:session): session closed for user root
Feb  8 09:09:01 daemon CRON[7262]: pam_unix(cron:session): session opened for user root by (uid=0)
Feb  8 09:09:01 daemon CRON[7262]: pam_unix(cron:session): session closed for user root
Feb  8 09:15:01 daemon CRON[7343]: pam_unix(cron:session): session opened for user root by (uid=0)
Feb  8 09:15:01 daemon CRON[7343]: pam_unix(cron:session): session closed for user root
Feb  8 09:17:01 daemon CRON[7346]: pam_unix(cron:session): session opened for user root by (uid=0)
Feb  8 09:17:01 daemon CRON[7346]: pam_unix(cron:session): session closed for user root
Feb  8 09:25:01 daemon CRON[7349]: pam_unix(cron:session): session opened for user root by (uid=0)
Feb  8 09:25:01 daemon CRON[7349]: pam_unix(cron:session): session closed for user root
Feb  8 09:35:01 daemon CRON[7446]: pam_unix(cron:session): session opened for user root by (uid=0)
Feb  8 09:35:01 daemon CRON[7446]: pam_unix(cron:session): session closed for user root
Feb  8 09:39:01 daemon CRON[7449]: pam_unix(cron:session): session opened for user root by (uid=0)
Feb  8 09:39:01 daemon CRON[7449]: pam_unix(cron:session): session closed for user root
Feb  8 09:45:01 daemon CRON[7529]: pam_unix(cron:session): session opened for user root by (uid=0)
Feb  8 09:45:01 daemon CRON[7529]: pam_unix(cron:session): session closed for user root
Feb  8 09:55:01 daemon CRON[7549]: pam_unix(cron:session): session opened for user root by (uid=0)
Feb  8 09:55:01 daemon CRON[7549]: pam_unix(cron:session): session closed for user root
Feb  8 10:05:01 daemon CRON[7589]: pam_unix(cron:session): session opened for user root by (uid=0)
Feb  8 10:05:01 daemon CRON[7589]: pam_unix(cron:session): session closed for user root
Feb  8 10:09:01 daemon CRON[7592]: pam_unix(cron:session): session opened for user root by (uid=0)
Feb  8 10:09:01 daemon CRON[7592]: pam_unix(cron:session): session closed for user root
Feb  8 10:15:01 daemon CRON[7708]: pam_unix(cron:session): session opened for user root by (uid=0)
Feb  8 10:15:01 daemon CRON[7708]: pam_unix(cron:session): session closed for user root
Feb  8 10:17:01 daemon CRON[7711]: pam_unix(cron:session): session opened for user root by (uid=0)
Feb  8 10:17:01 daemon CRON[7711]: pam_unix(cron:session): session closed for user root
Feb  8 10:25:01 daemon CRON[7714]: pam_unix(cron:session): session opened for user root by (uid=0)
Feb  8 10:25:01 daemon CRON[7714]: pam_unix(cron:session): session closed for user root
Feb  8 10:35:01 daemon CRON[7718]: pam_unix(cron:session): session opened for user root by (uid=0)
Feb  8 10:35:01 daemon CRON[7718]: pam_unix(cron:session): session closed for user root
Feb  8 10:39:01 daemon CRON[7721]: pam_unix(cron:session): session opened for user root by (uid=0)
Feb  8 10:39:01 daemon CRON[7721]: pam_unix(cron:session): session closed for user root
Feb  8 10:45:01 daemon CRON[7804]: pam_unix(cron:session): session opened for user root by (uid=0)
Feb  8 10:45:01 daemon CRON[7804]: pam_unix(cron:session): session closed for user root
Feb  8 10:55:01 daemon CRON[7807]: pam_unix(cron:session): session opened for user root by (uid=0)
Feb  8 10:55:01 daemon CRON[7807]: pam_unix(cron:session): session closed for user root
Feb  8 11:05:01 daemon CRON[7810]: pam_unix(cron:session): session opened for user root by (uid=0)
Feb  8 11:05:01 daemon CRON[7810]: pam_unix(cron:session): session closed for user root
Feb  8 11:09:01 daemon CRON[7813]: pam_unix(cron:session): session opened for user root by (uid=0)
Feb  8 11:09:01 daemon CRON[7813]: pam_unix(cron:session): session closed for user root
Feb  8 11:15:01 daemon CRON[7897]: pam_unix(cron:session): session opened for user root by (uid=0)
Feb  8 11:15:01 daemon CRON[7897]: pam_unix(cron:session): session closed for user root
Feb  8 11:17:01 daemon CRON[7900]: pam_unix(cron:session): session opened for user root by (uid=0)
Feb  8 11:17:01 daemon CRON[7900]: pam_unix(cron:session): session closed for user root
Feb  8 11:25:01 daemon CRON[7903]: pam_unix(cron:session): session opened for user root by (uid=0)
Feb  8 11:25:01 daemon CRON[7903]: pam_unix(cron:session): session closed for user root
Feb  8 11:35:01 daemon CRON[7906]: pam_unix(cron:session): session opened for user root by (uid=0)
Feb  8 11:35:01 daemon CRON[7906]: pam_unix(cron:session): session closed for user root
Feb  8 11:39:01 daemon CRON[7909]: pam_unix(cron:session): session opened for user root by (uid=0)
Feb  8 11:39:01 daemon CRON[7909]: pam_unix(cron:session): session closed for user root
Feb  8 11:45:01 daemon CRON[7991]: pam_unix(cron:session): session opened for user root by (uid=0)
Feb  8 11:45:01 daemon CRON[7991]: pam_unix(cron:session): session closed for user root
Feb  8 11:55:01 daemon CRON[7994]: pam_unix(cron:session): session opened for user root by (uid=0)
Feb  8 11:55:01 daemon CRON[7994]: pam_unix(cron:session): session closed for user root
Feb  8 12:05:01 daemon CRON[7997]: pam_unix(cron:session): session opened for user root by (uid=0)
Feb  8 12:05:01 daemon CRON[7997]: pam_unix(cron:session): session closed for user root
Feb  8 12:09:01 daemon CRON[8013]: pam_unix(cron:session): session opened for user root by (uid=0)
Feb  8 12:09:01 daemon CRON[8013]: pam_unix(cron:session): session closed for user root
Feb  8 12:15:01 daemon CRON[8808]: pam_unix(cron:session): session opened for user root by (uid=0)
Feb  8 12:15:01 daemon CRON[8808]: pam_unix(cron:session): session closed for user root
Feb  8 12:17:01 daemon CRON[8812]: pam_unix(cron:session): session opened for user root by (uid=0)
Feb  8 12:17:01 daemon CRON[8812]: pam_unix(cron:session): session closed for user root
Feb  8 12:25:01 daemon CRON[8817]: pam_unix(cron:session): session opened for user root by (uid=0)
Feb  8 12:25:01 daemon CRON[8817]: pam_unix(cron:session): session closed for user root
Feb  8 12:35:01 daemon CRON[8820]: pam_unix(cron:session): session opened for user root by (uid=0)
Feb  8 12:35:01 daemon CRON[8820]: pam_unix(cron:session): session closed for user root
Feb  8 12:39:01 daemon CRON[8849]: pam_unix(cron:session): session opened for user root by (uid=0)
Feb  8 12:39:01 daemon CRON[8849]: pam_unix(cron:session): session closed for user root
Feb  8 12:45:01 daemon CRON[8939]: pam_unix(cron:session): session opened for user root by (uid=0)
Feb  8 12:45:01 daemon CRON[8939]: pam_unix(cron:session): session closed for user root
Feb  8 12:55:01 daemon CRON[8944]: pam_unix(cron:session): session opened for user root by (uid=0)
Feb  8 12:55:01 daemon CRON[8944]: pam_unix(cron:session): session closed for user root
Feb  8 13:05:01 daemon CRON[8947]: pam_unix(cron:session): session opened for user root by (uid=0)
Feb  8 13:05:01 daemon CRON[8947]: pam_unix(cron:session): session closed for user root
Feb  8 13:09:01 daemon CRON[8950]: pam_unix(cron:session): session opened for user root by (uid=0)
Feb  8 13:09:01 daemon CRON[8950]: pam_unix(cron:session): session closed for user root
Feb  8 13:15:01 daemon CRON[9032]: pam_unix(cron:session): session opened for user root by (uid=0)
Feb  8 13:15:01 daemon CRON[9032]: pam_unix(cron:session): session closed for user root
Feb  8 13:17:01 daemon CRON[9035]: pam_unix(cron:session): session opened for user root by (uid=0)
Feb  8 13:17:01 daemon CRON[9035]: pam_unix(cron:session): session closed for user root
Feb  8 13:25:01 daemon CRON[9038]: pam_unix(cron:session): session opened for user root by (uid=0)
Feb  8 13:25:01 daemon CRON[9038]: pam_unix(cron:session): session closed for user root
Feb  8 13:35:01 daemon CRON[9058]: pam_unix(cron:session): session opened for user root by (uid=0)
Feb  8 13:35:01 daemon CRON[9058]: pam_unix(cron:session): session closed for user root
Feb  8 13:39:01 daemon CRON[9062]: pam_unix(cron:session): session opened for user root by (uid=0)
Feb  8 13:39:01 daemon CRON[9062]: pam_unix(cron:session): session closed for user root
Feb  8 13:45:01 daemon CRON[9144]: pam_unix(cron:session): session opened for user root by (uid=0)
Feb  8 13:45:01 daemon CRON[9144]: pam_unix(cron:session): session closed for user root
Feb  8 13:55:01 daemon CRON[9183]: pam_unix(cron:session): session opened for user root by (uid=0)
Feb  8 13:55:01 daemon CRON[9183]: pam_unix(cron:session): session closed for user root
Feb  8 14:05:01 daemon CRON[9186]: pam_unix(cron:session): session opened for user root by (uid=0)
Feb  8 14:05:01 daemon CRON[9186]: pam_unix(cron:session): session closed for user root
Feb  8 14:09:01 daemon CRON[9189]: pam_unix(cron:session): session opened for user root by (uid=0)
Feb  8 14:09:01 daemon CRON[9189]: pam_unix(cron:session): session closed for user root
Feb  8 14:15:01 daemon CRON[9271]: pam_unix(cron:session): session opened for user root by (uid=0)
Feb  8 14:15:01 daemon CRON[9271]: pam_unix(cron:session): session closed for user root
Feb  8 14:17:01 daemon CRON[9275]: pam_unix(cron:session): session opened for user root by (uid=0)
Feb  8 14:17:01 daemon CRON[9275]: pam_unix(cron:session): session closed for user root
Feb  8 14:25:01 daemon CRON[9310]: pam_unix(cron:session): session opened for user root by (uid=0)
Feb  8 14:25:01 daemon CRON[9310]: pam_unix(cron:session): session closed for user root
Feb  8 14:35:01 daemon CRON[9317]: pam_unix(cron:session): session opened for user root by (uid=0)
Feb  8 14:35:01 daemon CRON[9317]: pam_unix(cron:session): session closed for user root
Feb  8 14:39:01 daemon CRON[9320]: pam_unix(cron:session): session opened for user root by (uid=0)
Feb  8 14:39:01 daemon CRON[9320]: pam_unix(cron:session): session closed for user root
Feb  8 14:45:01 daemon CRON[9402]: pam_unix(cron:session): session opened for user root by (uid=0)
Feb  8 14:45:01 daemon CRON[9402]: pam_unix(cron:session): session closed for user root
Feb  8 14:55:01 daemon CRON[9406]: pam_unix(cron:session): session opened for user root by (uid=0)
Feb  8 14:55:01 daemon CRON[9406]: pam_unix(cron:session): session closed for user root
Feb  8 15:05:01 daemon CRON[9409]: pam_unix(cron:session): session opened for user root by (uid=0)
Feb  8 15:05:01 daemon CRON[9409]: pam_unix(cron:session): session closed for user root
Feb  8 15:09:01 daemon CRON[9412]: pam_unix(cron:session): session opened for user root by (uid=0)
Feb  8 15:09:01 daemon CRON[9412]: pam_unix(cron:session): session closed for user root
Feb  8 15:15:01 daemon CRON[9494]: pam_unix(cron:session): session opened for user root by (uid=0)
Feb  8 15:15:01 daemon CRON[9494]: pam_unix(cron:session): session closed for user root
Feb  8 15:17:01 daemon CRON[9497]: pam_unix(cron:session): session opened for user root by (uid=0)
Feb  8 15:17:01 daemon CRON[9497]: pam_unix(cron:session): session closed for user root
Feb  8 15:25:01 daemon CRON[9501]: pam_unix(cron:session): session opened for user root by (uid=0)
Feb  8 15:25:01 daemon CRON[9501]: pam_unix(cron:session): session closed for user root
Feb  8 15:35:01 daemon CRON[9540]: pam_unix(cron:session): session opened for user root by (uid=0)
Feb  8 15:35:01 daemon CRON[9540]: pam_unix(cron:session): session closed for user root
Feb  8 15:39:01 daemon CRON[9543]: pam_unix(cron:session): session opened for user root by (uid=0)
Feb  8 15:39:01 daemon CRON[9543]: pam_unix(cron:session): session closed for user root
Feb  8 15:45:01 daemon CRON[9817]: pam_unix(cron:session): session opened for user root by (uid=0)
Feb  8 15:45:01 daemon CRON[9817]: pam_unix(cron:session): session closed for user root
Feb  8 15:55:01 daemon CRON[9982]: pam_unix(cron:session): session opened for user root by (uid=0)
Feb  8 15:55:01 daemon CRON[9982]: pam_unix(cron:session): session closed for user root
Feb  8 16:05:01 daemon CRON[9987]: pam_unix(cron:session): session opened for user root by (uid=0)
Feb  8 16:05:01 daemon CRON[9987]: pam_unix(cron:session): session closed for user root
Feb  8 16:09:01 daemon CRON[9991]: pam_unix(cron:session): session opened for user root by (uid=0)
Feb  8 16:09:01 daemon CRON[9991]: pam_unix(cron:session): session closed for user root
Feb  8 16:15:01 daemon CRON[10073]: pam_unix(cron:session): session opened for user root by (uid=0)
Feb  8 16:15:01 daemon CRON[10073]: pam_unix(cron:session): session closed for user root
Feb  8 16:17:01 daemon CRON[10076]: pam_unix(cron:session): session opened for user root by (uid=0)
Feb  8 16:17:01 daemon CRON[10076]: pam_unix(cron:session): session closed for user root
Feb  8 16:25:01 daemon CRON[10079]: pam_unix(cron:session): session opened for user root by (uid=0)
Feb  8 16:25:01 daemon CRON[10079]: pam_unix(cron:session): session closed for user root
Feb  8 16:35:01 daemon CRON[10082]: pam_unix(cron:session): session opened for user root by (uid=0)
Feb  8 16:35:01 daemon CRON[10082]: pam_unix(cron:session): session closed for user root
Feb  8 16:39:01 daemon CRON[10085]: pam_unix(cron:session): session opened for user root by (uid=0)
Feb  8 16:39:01 daemon CRON[10085]: pam_unix(cron:session): session closed for user root
Feb  8 16:45:01 daemon CRON[10168]: pam_unix(cron:session): session opened for user root by (uid=0)
Feb  8 16:45:01 daemon CRON[10168]: pam_unix(cron:session): session closed for user root
Feb  8 16:54:26 daemon sshd[10171]: Connection from 197.242.159.238 port 52310 on 172.104.132.106 port 22023
Feb  8 16:54:29 daemon sshd[10171]: Accepted key ED25519 SHA256:j90dNr2pzNbzKMy3ySDvQ/pK96O93Z7doCAJ+eKMYSU found at /home/mila/.ssh/authorized_keys:1
Feb  8 16:54:29 daemon sshd[10171]: Postponed publickey for mila from 197.242.159.238 port 52310 ssh2 [preauth]
Feb  8 16:54:34 daemon sshd[10171]: Accepted key ED25519 SHA256:j90dNr2pzNbzKMy3ySDvQ/pK96O93Z7doCAJ+eKMYSU found at /home/mila/.ssh/authorized_keys:1
Feb  8 16:54:34 daemon sshd[10171]: Accepted publickey for mila from 197.242.159.238 port 52310 ssh2: ED25519 SHA256:j90dNr2pzNbzKMy3ySDvQ/pK96O93Z7doCAJ+eKMYSU
Feb  8 16:54:34 daemon sshd[10171]: User child is on pid 10173
Feb  8 16:54:35 daemon sshd[10173]: Starting session: shell on pts/0 for mila from 197.242.159.238 port 52310 id 0
Feb  8 16:54:44 daemon sshd[10178]: Connection from 197.242.159.238 port 52312 on 172.104.132.106 port 22023
Feb  8 16:54:46 daemon sshd[10178]: Accepted key ED25519 SHA256:j90dNr2pzNbzKMy3ySDvQ/pK96O93Z7doCAJ+eKMYSU found at /home/mila/.ssh/authorized_keys:1
Feb  8 16:54:46 daemon sshd[10178]: Postponed publickey for mila from 197.242.159.238 port 52312 ssh2 [preauth]
Feb  8 16:54:49 daemon sshd[10178]: Accepted key ED25519 SHA256:j90dNr2pzNbzKMy3ySDvQ/pK96O93Z7doCAJ+eKMYSU found at /home/mila/.ssh/authorized_keys:1
Feb  8 16:54:49 daemon sshd[10178]: Accepted publickey for mila from 197.242.159.238 port 52312 ssh2: ED25519 SHA256:j90dNr2pzNbzKMy3ySDvQ/pK96O93Z7doCAJ+eKMYSU
Feb  8 16:54:49 daemon sshd[10178]: User child is on pid 10180
Feb  8 16:54:50 daemon sshd[10180]: Starting session: subsystem 'sftp' for mila from 197.242.159.238 port 52312 id 0
Feb  8 16:55:01 daemon CRON[10182]: pam_unix(cron:session): session opened for user root by (uid=0)
Feb  8 16:55:01 daemon CRON[10182]: pam_unix(cron:session): session closed for user root
Feb  8 16:55:12 daemon sudo:     mila : TTY=pts/0 ; PWD=/home/mila ; USER=root ; COMMAND=/usr/bin/apt-get update -y
Feb  8 16:55:12 daemon sudo: pam_unix(sudo:session): session opened for user root by mila(uid=0)
Feb  8 16:55:16 daemon sudo: pam_unix(sudo:session): session closed for user root
Feb  8 16:55:16 daemon sudo:     mila : TTY=pts/0 ; PWD=/home/mila ; USER=root ; COMMAND=/usr/bin/apt-get upgrade
Feb  8 16:55:16 daemon sudo: pam_unix(sudo:session): session opened for user root by mila(uid=0)
Feb  8 16:55:17 daemon sudo: pam_unix(sudo:session): session closed for user root
Feb  8 16:55:24 daemon sudo:     mila : TTY=pts/0 ; PWD=/home/mila ; USER=root ; COMMAND=/usr/bin/su
Feb  8 16:55:24 daemon sudo: pam_unix(sudo:session): session opened for user root by mila(uid=0)
Feb  8 16:55:24 daemon su: (to root) root on pts/0
Feb  8 16:55:24 daemon su: pam_unix(su:session): session opened for user root by mila(uid=0)
Feb  8 16:55:24 daemon systemd-logind[474]: New session c1 of user root.
Feb  8 16:55:24 daemon systemd: pam_unix(systemd-user:session): session opened for user root by (uid=0)
Feb  8 16:57:53 daemon su: (to mila) root on pts/0
Feb  8 16:57:53 daemon su: pam_unix(su:session): session opened for user mila by mila(uid=0)
Feb  8 16:58:18 daemon sudo:     mila : TTY=pts/0 ; PWD=/home/mila ; USER=root ; COMMAND=/usr/bin/ls /
Feb  8 16:58:18 daemon sudo: pam_unix(sudo:session): session opened for user root by mila(uid=0)
Feb  8 16:58:18 daemon sudo: pam_unix(sudo:session): session closed for user root
Feb  8 17:04:00 daemon sudo:     mila : TTY=pts/0 ; PWD=/home/mila ; USER=root ; COMMAND=/usr/bin/su
Feb  8 17:04:00 daemon sudo: pam_unix(sudo:session): session opened for user root by mila(uid=0)
Feb  8 17:04:00 daemon su: (to root) root on pts/0
Feb  8 17:04:00 daemon su: pam_unix(su:session): session opened for user root by mila(uid=0)
Feb  8 17:05:01 daemon CRON[10994]: pam_unix(cron:session): session opened for user root by (uid=0)
Feb  8 17:05:01 daemon CRON[10994]: pam_unix(cron:session): session closed for user root
Feb  8 17:09:01 daemon CRON[11086]: pam_unix(cron:session): session opened for user root by (uid=0)
Feb  8 17:09:01 daemon CRON[11086]: pam_unix(cron:session): session closed for user root
Feb  8 17:15:01 daemon CRON[11262]: pam_unix(cron:session): session opened for user root by (uid=0)
Feb  8 17:15:01 daemon CRON[11262]: pam_unix(cron:session): session closed for user root
Feb  8 17:17:01 daemon CRON[11273]: pam_unix(cron:session): session opened for user root by (uid=0)
Feb  8 17:17:01 daemon CRON[11273]: pam_unix(cron:session): session closed for user root
Feb  8 17:25:01 daemon CRON[11292]: pam_unix(cron:session): session opened for user root by (uid=0)
Feb  8 17:25:01 daemon CRON[11292]: pam_unix(cron:session): session closed for user root
Feb  8 17:35:01 daemon CRON[11426]: pam_unix(cron:session): session opened for user root by (uid=0)
Feb  8 17:35:01 daemon CRON[11426]: pam_unix(cron:session): session closed for user root
Feb  8 17:39:01 daemon CRON[11443]: pam_unix(cron:session): session opened for user root by (uid=0)
Feb  8 17:39:01 daemon CRON[11443]: pam_unix(cron:session): session closed for user root
Feb  8 17:40:20 daemon su: (to mila) root on pts/0
Feb  8 17:40:20 daemon su: pam_unix(su:session): session opened for user mila by mila(uid=0)
Feb  8 17:45:01 daemon CRON[11536]: pam_unix(cron:session): session opened for user root by (uid=0)
Feb  8 17:45:01 daemon CRON[11536]: pam_unix(cron:session): session closed for user root
Feb  8 17:52:31 daemon su: pam_unix(su:session): session closed for user mila
Feb  8 17:52:34 daemon su: pam_unix(su:session): session closed for user root
Feb  8 17:52:34 daemon sudo: pam_unix(sudo:session): session closed for user root
Feb  8 17:52:37 daemon su: pam_unix(su:session): session closed for user mila
Feb  8 17:52:52 daemon su: pam_unix(su:session): session closed for user root
Feb  8 17:52:52 daemon systemd-logind[474]: Session c1 logged out. Waiting for processes to exit.
Feb  8 17:52:52 daemon sudo: pam_unix(sudo:session): session closed for user root
Feb  8 17:52:52 daemon systemd-logind[474]: Removed session c1.
Feb  8 17:52:55 daemon sshd[10173]: Received disconnect from 197.242.159.238 port 52310:11: disconnected by user
Feb  8 17:52:55 daemon sshd[10173]: Disconnected from user mila 197.242.159.238 port 52310
Feb  8 17:55:01 daemon CRON[11545]: pam_unix(cron:session): session opened for user root by (uid=0)
Feb  8 17:55:01 daemon CRON[11545]: pam_unix(cron:session): session closed for user root
Feb  8 18:02:47 daemon sshd[11568]: Connection from 197.242.159.238 port 52314 on 172.104.132.106 port 22023
Feb  8 18:02:49 daemon sshd[11568]: Accepted key ED25519 SHA256:j90dNr2pzNbzKMy3ySDvQ/pK96O93Z7doCAJ+eKMYSU found at /home/mila/.ssh/authorized_keys:1
Feb  8 18:02:49 daemon sshd[11568]: Postponed publickey for mila from 197.242.159.238 port 52314 ssh2 [preauth]
Feb  8 18:02:52 daemon sshd[11568]: Accepted key ED25519 SHA256:j90dNr2pzNbzKMy3ySDvQ/pK96O93Z7doCAJ+eKMYSU found at /home/mila/.ssh/authorized_keys:1
Feb  8 18:02:52 daemon sshd[11568]: Accepted publickey for mila from 197.242.159.238 port 52314 ssh2: ED25519 SHA256:j90dNr2pzNbzKMy3ySDvQ/pK96O93Z7doCAJ+eKMYSU
Feb  8 18:02:52 daemon sshd[11568]: User child is on pid 11570
Feb  8 18:02:53 daemon sshd[11570]: Starting session: shell on pts/0 for mila from 197.242.159.238 port 52314 id 0
Feb  8 18:03:08 daemon sudo:     mila : TTY=pts/0 ; PWD=/home/mila ; USER=root ; COMMAND=/usr/sbin/ufw status
Feb  8 18:03:08 daemon sudo: pam_unix(sudo:session): session opened for user root by mila(uid=0)
Feb  8 18:03:09 daemon sudo: pam_unix(sudo:session): session closed for user root
Feb  8 18:05:01 daemon CRON[11581]: pam_unix(cron:session): session opened for user root by (uid=0)
Feb  8 18:05:01 daemon CRON[11581]: pam_unix(cron:session): session closed for user root
Feb  8 18:09:01 daemon CRON[11601]: pam_unix(cron:session): session opened for user root by (uid=0)
Feb  8 18:09:01 daemon CRON[11601]: pam_unix(cron:session): session closed for user root
Feb  8 18:11:00 daemon sudo:     mila : TTY=pts/0 ; PWD=/home/mila ; USER=root ; COMMAND=/usr/bin/apt-get update -y
Feb  8 18:11:00 daemon sudo: pam_unix(sudo:session): session opened for user root by mila(uid=0)
Feb  8 18:11:03 daemon sudo: pam_unix(sudo:session): session closed for user root
Feb  8 18:11:09 daemon sudo:     mila : TTY=pts/0 ; PWD=/home/mila ; USER=root ; COMMAND=/usr/bin/apt-get upgrade
Feb  8 18:11:09 daemon sudo: pam_unix(sudo:session): session opened for user root by mila(uid=0)
Feb  8 18:11:10 daemon sudo: pam_unix(sudo:session): session closed for user root
Feb  8 18:11:16 daemon sshd[11570]: Received disconnect from 197.242.159.238 port 52314:11: disconnected by user
Feb  8 18:11:16 daemon sshd[11570]: Disconnected from user mila 197.242.159.238 port 52314
Feb  8 18:15:01 daemon CRON[12390]: pam_unix(cron:session): session opened for user root by (uid=0)
Feb  8 18:15:01 daemon CRON[12390]: pam_unix(cron:session): session closed for user root
Feb  8 18:17:01 daemon CRON[12421]: pam_unix(cron:session): session opened for user root by (uid=0)
Feb  8 18:17:01 daemon CRON[12421]: pam_unix(cron:session): session closed for user root
Feb  8 18:25:01 daemon CRON[12424]: pam_unix(cron:session): session opened for user root by (uid=0)
Feb  8 18:25:01 daemon CRON[12424]: pam_unix(cron:session): session closed for user root
Feb  8 18:35:01 daemon CRON[12427]: pam_unix(cron:session): session opened for user root by (uid=0)
Feb  8 18:35:01 daemon CRON[12427]: pam_unix(cron:session): session closed for user root
Feb  8 18:39:01 daemon CRON[12430]: pam_unix(cron:session): session opened for user root by (uid=0)
Feb  8 18:39:01 daemon CRON[12430]: pam_unix(cron:session): session closed for user root
Feb  8 18:45:01 daemon CRON[12512]: pam_unix(cron:session): session opened for user root by (uid=0)
Feb  8 18:45:01 daemon CRON[12512]: pam_unix(cron:session): session closed for user root
Feb  8 18:55:01 daemon CRON[12516]: pam_unix(cron:session): session opened for user root by (uid=0)
Feb  8 18:55:01 daemon CRON[12516]: pam_unix(cron:session): session closed for user root
Feb  8 19:05:01 daemon CRON[12524]: pam_unix(cron:session): session opened for user root by (uid=0)
Feb  8 19:05:01 daemon CRON[12524]: pam_unix(cron:session): session closed for user root
Feb  8 19:09:01 daemon CRON[12527]: pam_unix(cron:session): session opened for user root by (uid=0)
Feb  8 19:09:01 daemon CRON[12527]: pam_unix(cron:session): session closed for user root
Feb  8 19:15:01 daemon CRON[12609]: pam_unix(cron:session): session opened for user root by (uid=0)
Feb  8 19:15:01 daemon CRON[12609]: pam_unix(cron:session): session closed for user root
Feb  8 19:17:01 daemon CRON[12612]: pam_unix(cron:session): session opened for user root by (uid=0)
Feb  8 19:17:01 daemon CRON[12612]: pam_unix(cron:session): session closed for user root
Feb  8 19:25:01 daemon CRON[12632]: pam_unix(cron:session): session opened for user root by (uid=0)
Feb  8 19:25:01 daemon CRON[12632]: pam_unix(cron:session): session closed for user root
Feb  8 19:35:01 daemon CRON[12655]: pam_unix(cron:session): session opened for user root by (uid=0)
Feb  8 19:35:01 daemon CRON[12655]: pam_unix(cron:session): session closed for user root
Feb  8 19:39:01 daemon CRON[12658]: pam_unix(cron:session): session opened for user root by (uid=0)
Feb  8 19:39:01 daemon CRON[12658]: pam_unix(cron:session): session closed for user root
Feb  8 19:45:01 daemon CRON[12740]: pam_unix(cron:session): session opened for user root by (uid=0)
Feb  8 19:45:01 daemon CRON[12740]: pam_unix(cron:session): session closed for user root
Feb  8 19:55:01 daemon CRON[12764]: pam_unix(cron:session): session opened for user root by (uid=0)
Feb  8 19:55:01 daemon CRON[12764]: pam_unix(cron:session): session closed for user root
Feb  8 20:05:01 daemon CRON[12770]: pam_unix(cron:session): session opened for user root by (uid=0)
Feb  8 20:05:01 daemon CRON[12770]: pam_unix(cron:session): session closed for user root
Feb  8 20:09:01 daemon CRON[12773]: pam_unix(cron:session): session opened for user root by (uid=0)
Feb  8 20:09:01 daemon CRON[12773]: pam_unix(cron:session): session closed for user root
Feb  8 20:13:59 daemon sshd[10180]: Close session: user mila from 197.242.159.238 port 52312 id 0
Feb  8 20:13:59 daemon sshd[10180]: Received disconnect from 197.242.159.238 port 52312:11: disconnected by user
Feb  8 20:13:59 daemon sshd[10180]: Disconnected from user mila 197.242.159.238 port 52312
Feb  8 20:15:01 daemon CRON[12856]: pam_unix(cron:session): session opened for user root by (uid=0)
Feb  8 20:15:01 daemon CRON[12856]: pam_unix(cron:session): session closed for user root
Feb  8 20:17:01 daemon CRON[12859]: pam_unix(cron:session): session opened for user root by (uid=0)
Feb  8 20:17:01 daemon CRON[12859]: pam_unix(cron:session): session closed for user root
Feb  8 20:25:01 daemon CRON[12862]: pam_unix(cron:session): session opened for user root by (uid=0)
Feb  8 20:25:01 daemon CRON[12862]: pam_unix(cron:session): session closed for user root
Feb  8 20:35:01 daemon CRON[12868]: pam_unix(cron:session): session opened for user root by (uid=0)
Feb  8 20:35:01 daemon CRON[12868]: pam_unix(cron:session): session closed for user root
Feb  8 20:39:01 daemon CRON[12871]: pam_unix(cron:session): session opened for user root by (uid=0)
Feb  8 20:39:01 daemon CRON[12871]: pam_unix(cron:session): session closed for user root
Feb  8 20:45:01 daemon CRON[12953]: pam_unix(cron:session): session opened for user root by (uid=0)
Feb  8 20:45:01 daemon CRON[12953]: pam_unix(cron:session): session closed for user root
Feb  8 20:55:01 daemon CRON[12956]: pam_unix(cron:session): session opened for user root by (uid=0)
Feb  8 20:55:01 daemon CRON[12956]: pam_unix(cron:session): session closed for user root
Feb  8 21:05:01 daemon CRON[12959]: pam_unix(cron:session): session opened for user root by (uid=0)
Feb  8 21:05:01 daemon CRON[12959]: pam_unix(cron:session): session closed for user root
Feb  8 21:09:01 daemon CRON[12963]: pam_unix(cron:session): session opened for user root by (uid=0)
Feb  8 21:09:01 daemon CRON[12963]: pam_unix(cron:session): session closed for user root
Feb  8 21:15:01 daemon CRON[13046]: pam_unix(cron:session): session opened for user root by (uid=0)
Feb  8 21:15:01 daemon CRON[13046]: pam_unix(cron:session): session closed for user root
Feb  8 21:17:01 daemon CRON[13049]: pam_unix(cron:session): session opened for user root by (uid=0)
Feb  8 21:17:01 daemon CRON[13049]: pam_unix(cron:session): session closed for user root
Feb  8 21:25:01 daemon CRON[13069]: pam_unix(cron:session): session opened for user root by (uid=0)
Feb  8 21:25:01 daemon CRON[13069]: pam_unix(cron:session): session closed for user root
Feb  8 21:35:01 daemon CRON[13072]: pam_unix(cron:session): session opened for user root by (uid=0)
Feb  8 21:35:01 daemon CRON[13072]: pam_unix(cron:session): session closed for user root
Feb  8 21:39:01 daemon CRON[13075]: pam_unix(cron:session): session opened for user root by (uid=0)
Feb  8 21:39:01 daemon CRON[13075]: pam_unix(cron:session): session closed for user root
Feb  8 21:45:01 daemon CRON[13175]: pam_unix(cron:session): session opened for user root by (uid=0)
Feb  8 21:45:01 daemon CRON[13175]: pam_unix(cron:session): session closed for user root
Feb  8 21:55:01 daemon CRON[13195]: pam_unix(cron:session): session opened for user root by (uid=0)
Feb  8 21:55:01 daemon CRON[13195]: pam_unix(cron:session): session closed for user root
Feb  8 22:05:01 daemon CRON[13217]: pam_unix(cron:session): session opened for user root by (uid=0)
Feb  8 22:05:01 daemon CRON[13217]: pam_unix(cron:session): session closed for user root
Feb  8 22:09:01 daemon CRON[13221]: pam_unix(cron:session): session opened for user root by (uid=0)
Feb  8 22:09:01 daemon CRON[13221]: pam_unix(cron:session): session closed for user root
Feb  8 22:15:01 daemon CRON[13654]: pam_unix(cron:session): session opened for user root by (uid=0)
Feb  8 22:15:01 daemon CRON[13654]: pam_unix(cron:session): session closed for user root
Feb  8 22:17:01 daemon CRON[13657]: pam_unix(cron:session): session opened for user root by (uid=0)
Feb  8 22:17:01 daemon CRON[13657]: pam_unix(cron:session): session closed for user root
Feb  8 22:25:01 daemon CRON[13680]: pam_unix(cron:session): session opened for user root by (uid=0)
Feb  8 22:25:01 daemon CRON[13680]: pam_unix(cron:session): session closed for user root
Feb  8 22:35:01 daemon CRON[13717]: pam_unix(cron:session): session opened for user root by (uid=0)
Feb  8 22:35:01 daemon CRON[13717]: pam_unix(cron:session): session closed for user root
Feb  8 22:39:01 daemon CRON[13747]: pam_unix(cron:session): session opened for user root by (uid=0)
Feb  8 22:39:01 daemon CRON[13747]: pam_unix(cron:session): session closed for user root
Feb  8 22:45:01 daemon CRON[13838]: pam_unix(cron:session): session opened for user root by (uid=0)
Feb  8 22:45:01 daemon CRON[13838]: pam_unix(cron:session): session closed for user root
Feb  8 22:55:01 daemon CRON[13841]: pam_unix(cron:session): session opened for user root by (uid=0)
Feb  8 22:55:01 daemon CRON[13841]: pam_unix(cron:session): session closed for user root
Feb  8 23:05:01 daemon CRON[13866]: pam_unix(cron:session): session opened for user root by (uid=0)
Feb  8 23:05:01 daemon CRON[13866]: pam_unix(cron:session): session closed for user root
Feb  8 23:09:01 daemon CRON[13927]: pam_unix(cron:session): session opened for user root by (uid=0)
Feb  8 23:09:01 daemon CRON[13927]: pam_unix(cron:session): session closed for user root
Feb  8 23:15:01 daemon CRON[13951]: pam_unix(cron:session): session opened for user root by (uid=0)
Feb  8 23:15:02 daemon CRON[13951]: pam_unix(cron:session): session closed for user root
Feb  8 23:17:01 daemon CRON[13954]: pam_unix(cron:session): session opened for user root by (uid=0)
Feb  8 23:17:01 daemon CRON[13954]: pam_unix(cron:session): session closed for user root
Feb  8 23:25:01 daemon CRON[13957]: pam_unix(cron:session): session opened for user root by (uid=0)
Feb  8 23:25:01 daemon CRON[13957]: pam_unix(cron:session): session closed for user root
Feb  8 23:35:01 daemon CRON[13961]: pam_unix(cron:session): session opened for user root by (uid=0)
Feb  8 23:35:01 daemon CRON[13961]: pam_unix(cron:session): session closed for user root
Feb  8 23:39:01 daemon CRON[13964]: pam_unix(cron:session): session opened for user root by (uid=0)
Feb  8 23:39:01 daemon CRON[13964]: pam_unix(cron:session): session closed for user root
Feb  8 23:45:01 daemon CRON[14081]: pam_unix(cron:session): session opened for user root by (uid=0)
Feb  8 23:45:01 daemon CRON[14081]: pam_unix(cron:session): session closed for user root
Feb  8 23:55:01 daemon CRON[14135]: pam_unix(cron:session): session opened for user root by (uid=0)
Feb  8 23:55:01 daemon CRON[14135]: pam_unix(cron:session): session closed for user root
Feb  8 23:59:01 daemon CRON[14138]: pam_unix(cron:session): session opened for user root by (uid=0)
Feb  8 23:59:01 daemon CRON[14138]: pam_unix(cron:session): session closed for user root
Feb  9 00:05:01 daemon CRON[14231]: pam_unix(cron:session): session opened for user root by (uid=0)
Feb  9 00:05:01 daemon CRON[14231]: pam_unix(cron:session): session closed for user root
Feb  9 00:09:01 daemon CRON[14234]: pam_unix(cron:session): session opened for user root by (uid=0)
Feb  9 00:09:01 daemon CRON[14234]: pam_unix(cron:session): session closed for user root
Feb  9 00:15:01 daemon CRON[14314]: pam_unix(cron:session): session opened for user root by (uid=0)
Feb  9 00:15:01 daemon CRON[14314]: pam_unix(cron:session): session closed for user root
Feb  9 00:17:01 daemon CRON[14317]: pam_unix(cron:session): session opened for user root by (uid=0)
Feb  9 00:17:01 daemon CRON[14317]: pam_unix(cron:session): session closed for user root
Feb  9 00:25:01 daemon CRON[14321]: pam_unix(cron:session): session opened for user root by (uid=0)
Feb  9 00:25:01 daemon CRON[14321]: pam_unix(cron:session): session closed for user root
Feb  9 00:35:01 daemon CRON[14326]: pam_unix(cron:session): session opened for user root by (uid=0)
Feb  9 00:35:01 daemon CRON[14326]: pam_unix(cron:session): session closed for user root
Feb  9 00:39:01 daemon CRON[14329]: pam_unix(cron:session): session opened for user root by (uid=0)
Feb  9 00:39:01 daemon CRON[14329]: pam_unix(cron:session): session closed for user root
Feb  9 00:45:01 daemon CRON[14409]: pam_unix(cron:session): session opened for user root by (uid=0)
Feb  9 00:45:01 daemon CRON[14409]: pam_unix(cron:session): session closed for user root
Feb  9 00:55:01 daemon CRON[14416]: pam_unix(cron:session): session opened for user root by (uid=0)
Feb  9 00:55:01 daemon CRON[14416]: pam_unix(cron:session): session closed for user root
Feb  9 01:05:01 daemon CRON[14419]: pam_unix(cron:session): session opened for user root by (uid=0)
Feb  9 01:05:01 daemon CRON[14419]: pam_unix(cron:session): session closed for user root
Feb  9 01:09:01 daemon CRON[14437]: pam_unix(cron:session): session opened for user root by (uid=0)
Feb  9 01:09:01 daemon CRON[14437]: pam_unix(cron:session): session closed for user root
Feb  9 01:15:01 daemon CRON[14519]: pam_unix(cron:session): session opened for user root by (uid=0)
Feb  9 01:15:01 daemon CRON[14519]: pam_unix(cron:session): session closed for user root
Feb  9 01:17:01 daemon CRON[14557]: pam_unix(cron:session): session opened for user root by (uid=0)
Feb  9 01:17:01 daemon CRON[14557]: pam_unix(cron:session): session closed for user root
Feb  9 01:25:01 daemon CRON[14562]: pam_unix(cron:session): session opened for user root by (uid=0)
Feb  9 01:25:01 daemon CRON[14562]: pam_unix(cron:session): session closed for user root
Feb  9 01:35:01 daemon CRON[14566]: pam_unix(cron:session): session opened for user root by (uid=0)
Feb  9 01:35:01 daemon CRON[14566]: pam_unix(cron:session): session closed for user root
Feb  9 01:39:01 daemon CRON[14569]: pam_unix(cron:session): session opened for user root by (uid=0)
Feb  9 01:39:01 daemon CRON[14569]: pam_unix(cron:session): session closed for user root
Feb  9 01:45:01 daemon CRON[14649]: pam_unix(cron:session): session opened for user root by (uid=0)
Feb  9 01:45:01 daemon CRON[14649]: pam_unix(cron:session): session closed for user root
Feb  9 01:55:01 daemon CRON[14686]: pam_unix(cron:session): session opened for user root by (uid=0)
Feb  9 01:55:01 daemon CRON[14686]: pam_unix(cron:session): session closed for user root
Feb  9 02:05:01 daemon CRON[14724]: pam_unix(cron:session): session opened for user root by (uid=0)
Feb  9 02:05:01 daemon CRON[14724]: pam_unix(cron:session): session closed for user root
Feb  9 02:09:01 daemon CRON[14727]: pam_unix(cron:session): session opened for user root by (uid=0)
Feb  9 02:09:01 daemon CRON[14727]: pam_unix(cron:session): session closed for user root
Feb  9 02:15:01 daemon CRON[14843]: pam_unix(cron:session): session opened for user root by (uid=0)
Feb  9 02:15:01 daemon CRON[14843]: pam_unix(cron:session): session closed for user root
Feb  9 02:17:01 daemon CRON[14847]: pam_unix(cron:session): session opened for user root by (uid=0)
Feb  9 02:17:01 daemon CRON[14847]: pam_unix(cron:session): session closed for user root
Feb  9 02:25:01 daemon CRON[14850]: pam_unix(cron:session): session opened for user root by (uid=0)
Feb  9 02:25:01 daemon CRON[14850]: pam_unix(cron:session): session closed for user root
Feb  9 02:35:01 daemon CRON[14872]: pam_unix(cron:session): session opened for user root by (uid=0)
Feb  9 02:35:01 daemon CRON[14872]: pam_unix(cron:session): session closed for user root
Feb  9 02:39:01 daemon CRON[14875]: pam_unix(cron:session): session opened for user root by (uid=0)
Feb  9 02:39:01 daemon CRON[14875]: pam_unix(cron:session): session closed for user root
Feb  9 02:45:01 daemon CRON[14990]: pam_unix(cron:session): session opened for user root by (uid=0)
Feb  9 02:45:01 daemon CRON[14990]: pam_unix(cron:session): session closed for user root
Feb  9 02:55:01 daemon CRON[14994]: pam_unix(cron:session): session opened for user root by (uid=0)
Feb  9 02:55:01 daemon CRON[14994]: pam_unix(cron:session): session closed for user root
Feb  9 03:05:01 daemon CRON[14997]: pam_unix(cron:session): session opened for user root by (uid=0)
Feb  9 03:05:01 daemon CRON[14997]: pam_unix(cron:session): session closed for user root
Feb  9 03:09:01 daemon CRON[15000]: pam_unix(cron:session): session opened for user root by (uid=0)
Feb  9 03:09:01 daemon CRON[15000]: pam_unix(cron:session): session closed for user root
Feb  9 03:15:01 daemon CRON[15080]: pam_unix(cron:session): session opened for user root by (uid=0)
Feb  9 03:15:01 daemon CRON[15080]: pam_unix(cron:session): session closed for user root
Feb  9 03:17:01 daemon CRON[15086]: pam_unix(cron:session): session opened for user root by (uid=0)
Feb  9 03:17:01 daemon CRON[15086]: pam_unix(cron:session): session closed for user root
Feb  9 03:25:01 daemon CRON[15089]: pam_unix(cron:session): session opened for user root by (uid=0)
Feb  9 03:25:01 daemon CRON[15089]: pam_unix(cron:session): session closed for user root
Feb  9 03:35:01 daemon CRON[15095]: pam_unix(cron:session): session opened for user root by (uid=0)
Feb  9 03:35:01 daemon CRON[15095]: pam_unix(cron:session): session closed for user root
Feb  9 03:39:01 daemon CRON[15099]: pam_unix(cron:session): session opened for user root by (uid=0)
Feb  9 03:39:01 daemon CRON[15099]: pam_unix(cron:session): session closed for user root
Feb  9 03:45:01 daemon CRON[15179]: pam_unix(cron:session): session opened for user root by (uid=0)
Feb  9 03:45:01 daemon CRON[15179]: pam_unix(cron:session): session closed for user root
Feb  9 03:55:01 daemon CRON[15182]: pam_unix(cron:session): session opened for user root by (uid=0)
Feb  9 03:55:01 daemon CRON[15182]: pam_unix(cron:session): session closed for user root
Feb  9 04:05:01 daemon CRON[15185]: pam_unix(cron:session): session opened for user root by (uid=0)
Feb  9 04:05:01 daemon CRON[15185]: pam_unix(cron:session): session closed for user root
Feb  9 04:09:01 daemon CRON[15188]: pam_unix(cron:session): session opened for user root by (uid=0)
Feb  9 04:09:01 daemon CRON[15188]: pam_unix(cron:session): session closed for user root
Feb  9 04:15:01 daemon CRON[15268]: pam_unix(cron:session): session opened for user root by (uid=0)
Feb  9 04:15:01 daemon CRON[15268]: pam_unix(cron:session): session closed for user root
Feb  9 04:17:01 daemon CRON[15271]: pam_unix(cron:session): session opened for user root by (uid=0)
Feb  9 04:17:01 daemon CRON[15271]: pam_unix(cron:session): session closed for user root
Feb  9 04:25:01 daemon CRON[15274]: pam_unix(cron:session): session opened for user root by (uid=0)
Feb  9 04:25:01 daemon CRON[15274]: pam_unix(cron:session): session closed for user root
Feb  9 04:35:01 daemon CRON[15277]: pam_unix(cron:session): session opened for user root by (uid=0)
Feb  9 04:35:01 daemon CRON[15277]: pam_unix(cron:session): session closed for user root
Feb  9 04:39:01 daemon CRON[15280]: pam_unix(cron:session): session opened for user root by (uid=0)
Feb  9 04:39:01 daemon CRON[15280]: pam_unix(cron:session): session closed for user root
Feb  9 04:45:01 daemon CRON[15361]: pam_unix(cron:session): session opened for user root by (uid=0)
Feb  9 04:45:01 daemon CRON[15361]: pam_unix(cron:session): session closed for user root
Feb  9 04:55:01 daemon CRON[15364]: pam_unix(cron:session): session opened for user root by (uid=0)
Feb  9 04:55:01 daemon CRON[15364]: pam_unix(cron:session): session closed for user root
Feb  9 05:05:01 daemon CRON[15367]: pam_unix(cron:session): session opened for user root by (uid=0)
Feb  9 05:05:01 daemon CRON[15367]: pam_unix(cron:session): session closed for user root
Feb  9 05:09:01 daemon CRON[15370]: pam_unix(cron:session): session opened for user root by (uid=0)
Feb  9 05:09:01 daemon CRON[15370]: pam_unix(cron:session): session closed for user root
Feb  9 05:15:01 daemon CRON[15450]: pam_unix(cron:session): session opened for user root by (uid=0)
Feb  9 05:15:01 daemon CRON[15450]: pam_unix(cron:session): session closed for user root
Feb  9 05:17:01 daemon CRON[15453]: pam_unix(cron:session): session opened for user root by (uid=0)
Feb  9 05:17:01 daemon CRON[15453]: pam_unix(cron:session): session closed for user root
Feb  9 05:25:01 daemon CRON[15457]: pam_unix(cron:session): session opened for user root by (uid=0)
Feb  9 05:25:01 daemon CRON[15457]: pam_unix(cron:session): session closed for user root
Feb  9 05:35:01 daemon CRON[15460]: pam_unix(cron:session): session opened for user root by (uid=0)
Feb  9 05:35:01 daemon CRON[15460]: pam_unix(cron:session): session closed for user root
Feb  9 05:39:01 daemon CRON[15463]: pam_unix(cron:session): session opened for user root by (uid=0)
Feb  9 05:39:01 daemon CRON[15463]: pam_unix(cron:session): session closed for user root
Feb  9 05:45:01 daemon CRON[15543]: pam_unix(cron:session): session opened for user root by (uid=0)
Feb  9 05:45:01 daemon CRON[15543]: pam_unix(cron:session): session closed for user root
Feb  9 05:55:01 daemon CRON[15583]: pam_unix(cron:session): session opened for user root by (uid=0)
Feb  9 05:55:01 daemon CRON[15583]: pam_unix(cron:session): session closed for user root
Feb  9 06:05:01 daemon CRON[15586]: pam_unix(cron:session): session opened for user root by (uid=0)
Feb  9 06:05:01 daemon CRON[15586]: pam_unix(cron:session): session closed for user root
Feb  9 06:09:01 daemon CRON[15589]: pam_unix(cron:session): session opened for user root by (uid=0)
Feb  9 06:09:01 daemon CRON[15589]: pam_unix(cron:session): session closed for user root
Feb  9 06:15:01 daemon CRON[15669]: pam_unix(cron:session): session opened for user root by (uid=0)
Feb  9 06:15:01 daemon CRON[15669]: pam_unix(cron:session): session closed for user root
Feb  9 06:17:01 daemon CRON[15672]: pam_unix(cron:session): session opened for user root by (uid=0)
Feb  9 06:17:01 daemon CRON[15672]: pam_unix(cron:session): session closed for user root
Feb  9 06:25:01 daemon CRON[15676]: pam_unix(cron:session): session opened for user root by (uid=0)
Feb  9 06:25:01 daemon CRON[15675]: pam_unix(cron:session): session opened for user root by (uid=0)
Feb  9 06:25:01 daemon CRON[15676]: pam_unix(cron:session): session closed for user root
Feb  9 06:25:01 daemon CRON[15675]: pam_unix(cron:session): session closed for user root
Feb  9 06:35:01 daemon CRON[16544]: pam_unix(cron:session): session opened for user root by (uid=0)
Feb  9 06:35:01 daemon CRON[16544]: pam_unix(cron:session): session closed for user root
Feb  9 06:39:01 daemon CRON[16547]: pam_unix(cron:session): session opened for user root by (uid=0)
Feb  9 06:39:01 daemon CRON[16547]: pam_unix(cron:session): session closed for user root
Feb  9 06:45:01 daemon CRON[16627]: pam_unix(cron:session): session opened for user root by (uid=0)
Feb  9 06:45:01 daemon CRON[16627]: pam_unix(cron:session): session closed for user root
Feb  9 06:55:01 daemon CRON[16630]: pam_unix(cron:session): session opened for user root by (uid=0)
Feb  9 06:55:01 daemon CRON[16630]: pam_unix(cron:session): session closed for user root
Feb  9 07:05:01 daemon CRON[16703]: pam_unix(cron:session): session opened for user root by (uid=0)
Feb  9 07:05:01 daemon CRON[16703]: pam_unix(cron:session): session closed for user root
Feb  9 07:09:01 daemon CRON[16706]: pam_unix(cron:session): session opened for user root by (uid=0)
Feb  9 07:09:01 daemon CRON[16706]: pam_unix(cron:session): session closed for user root
Feb  9 07:15:01 daemon CRON[16786]: pam_unix(cron:session): session opened for user root by (uid=0)
Feb  9 07:15:01 daemon CRON[16786]: pam_unix(cron:session): session closed for user root
Feb  9 07:17:01 daemon CRON[16789]: pam_unix(cron:session): session opened for user root by (uid=0)
Feb  9 07:17:01 daemon CRON[16789]: pam_unix(cron:session): session closed for user root
Feb  9 07:25:01 daemon CRON[16792]: pam_unix(cron:session): session opened for user root by (uid=0)
Feb  9 07:25:01 daemon CRON[16792]: pam_unix(cron:session): session closed for user root
Feb  9 07:35:01 daemon CRON[16795]: pam_unix(cron:session): session opened for user root by (uid=0)
Feb  9 07:35:01 daemon CRON[16795]: pam_unix(cron:session): session closed for user root
Feb  9 07:39:01 daemon CRON[16799]: pam_unix(cron:session): session opened for user root by (uid=0)
Feb  9 07:39:01 daemon CRON[16799]: pam_unix(cron:session): session closed for user root
Feb  9 07:45:01 daemon CRON[16879]: pam_unix(cron:session): session opened for user root by (uid=0)
Feb  9 07:45:01 daemon CRON[16879]: pam_unix(cron:session): session closed for user root
Feb  9 07:55:01 daemon CRON[16920]: pam_unix(cron:session): session opened for user root by (uid=0)
Feb  9 07:55:01 daemon CRON[16920]: pam_unix(cron:session): session closed for user root
Feb  9 08:05:01 daemon CRON[16923]: pam_unix(cron:session): session opened for user root by (uid=0)
Feb  9 08:05:01 daemon CRON[16923]: pam_unix(cron:session): session closed for user root
Feb  9 08:09:01 daemon CRON[16952]: pam_unix(cron:session): session opened for user root by (uid=0)
Feb  9 08:09:01 daemon CRON[16952]: pam_unix(cron:session): session closed for user root
Feb  9 08:15:01 daemon CRON[17040]: pam_unix(cron:session): session opened for user root by (uid=0)
Feb  9 08:15:01 daemon CRON[17040]: pam_unix(cron:session): session closed for user root
Feb  9 08:17:01 daemon CRON[17043]: pam_unix(cron:session): session opened for user root by (uid=0)
Feb  9 08:17:01 daemon CRON[17043]: pam_unix(cron:session): session closed for user root
Feb  9 08:25:01 daemon CRON[17172]: pam_unix(cron:session): session opened for user root by (uid=0)
Feb  9 08:25:01 daemon CRON[17172]: pam_unix(cron:session): session closed for user root
Feb  9 08:35:01 daemon CRON[17179]: pam_unix(cron:session): session opened for user root by (uid=0)
Feb  9 08:35:01 daemon CRON[17179]: pam_unix(cron:session): session closed for user root
Feb  9 08:39:02 daemon CRON[17208]: pam_unix(cron:session): session opened for user root by (uid=0)
Feb  9 08:39:02 daemon CRON[17208]: pam_unix(cron:session): session closed for user root
Feb  9 08:45:01 daemon CRON[17262]: pam_unix(cron:session): session opened for user root by (uid=0)
Feb  9 08:45:01 daemon CRON[17262]: pam_unix(cron:session): session closed for user root
Feb  9 08:55:01 daemon CRON[17283]: pam_unix(cron:session): session opened for user root by (uid=0)
Feb  9 08:55:01 daemon CRON[17283]: pam_unix(cron:session): session closed for user root
Feb  9 09:05:01 daemon CRON[17287]: pam_unix(cron:session): session opened for user root by (uid=0)
Feb  9 09:05:01 daemon CRON[17287]: pam_unix(cron:session): session closed for user root
Feb  9 09:09:01 daemon CRON[17324]: pam_unix(cron:session): session opened for user root by (uid=0)
Feb  9 09:09:01 daemon CRON[17324]: pam_unix(cron:session): session closed for user root
Feb  9 09:15:01 daemon CRON[17439]: pam_unix(cron:session): session opened for user root by (uid=0)
Feb  9 09:15:01 daemon CRON[17439]: pam_unix(cron:session): session closed for user root
Feb  9 09:17:01 daemon CRON[17476]: pam_unix(cron:session): session opened for user root by (uid=0)
Feb  9 09:17:01 daemon CRON[17476]: pam_unix(cron:session): session closed for user root
Feb  9 09:25:01 daemon CRON[17502]: pam_unix(cron:session): session opened for user root by (uid=0)
Feb  9 09:25:01 daemon CRON[17502]: pam_unix(cron:session): session closed for user root
Feb  9 09:35:01 daemon CRON[17522]: pam_unix(cron:session): session opened for user root by (uid=0)
Feb  9 09:35:01 daemon CRON[17522]: pam_unix(cron:session): session closed for user root
Feb  9 09:39:01 daemon CRON[17525]: pam_unix(cron:session): session opened for user root by (uid=0)
Feb  9 09:39:01 daemon CRON[17525]: pam_unix(cron:session): session closed for user root
Feb  9 09:45:01 daemon CRON[17605]: pam_unix(cron:session): session opened for user root by (uid=0)
Feb  9 09:45:01 daemon CRON[17605]: pam_unix(cron:session): session closed for user root
Feb  9 09:55:01 daemon CRON[17608]: pam_unix(cron:session): session opened for user root by (uid=0)
Feb  9 09:55:01 daemon CRON[17608]: pam_unix(cron:session): session closed for user root
Feb  9 10:05:01 daemon CRON[17629]: pam_unix(cron:session): session opened for user root by (uid=0)
Feb  9 10:05:01 daemon CRON[17629]: pam_unix(cron:session): session closed for user root
Feb  9 10:09:01 daemon CRON[17633]: pam_unix(cron:session): session opened for user root by (uid=0)
Feb  9 10:09:01 daemon CRON[17633]: pam_unix(cron:session): session closed for user root
Feb  9 10:15:01 daemon CRON[17730]: pam_unix(cron:session): session opened for user root by (uid=0)
Feb  9 10:15:01 daemon CRON[17730]: pam_unix(cron:session): session closed for user root
Feb  9 10:17:01 daemon CRON[17733]: pam_unix(cron:session): session opened for user root by (uid=0)
Feb  9 10:17:01 daemon CRON[17733]: pam_unix(cron:session): session closed for user root
Feb  9 10:25:01 daemon CRON[17736]: pam_unix(cron:session): session opened for user root by (uid=0)
Feb  9 10:25:01 daemon CRON[17736]: pam_unix(cron:session): session closed for user root
Feb  9 10:35:01 daemon CRON[17739]: pam_unix(cron:session): session opened for user root by (uid=0)
Feb  9 10:35:01 daemon CRON[17739]: pam_unix(cron:session): session closed for user root
Feb  9 10:39:01 daemon CRON[17742]: pam_unix(cron:session): session opened for user root by (uid=0)
Feb  9 10:39:01 daemon CRON[17742]: pam_unix(cron:session): session closed for user root
Feb  9 10:45:01 daemon CRON[17822]: pam_unix(cron:session): session opened for user root by (uid=0)
Feb  9 10:45:01 daemon CRON[17822]: pam_unix(cron:session): session closed for user root
Feb  9 10:55:01 daemon CRON[17825]: pam_unix(cron:session): session opened for user root by (uid=0)
Feb  9 10:55:01 daemon CRON[17825]: pam_unix(cron:session): session closed for user root
Feb  9 11:05:01 daemon CRON[17863]: pam_unix(cron:session): session opened for user root by (uid=0)
Feb  9 11:05:01 daemon CRON[17863]: pam_unix(cron:session): session closed for user root
Feb  9 11:05:37 daemon sshd[17870]: Connection from 197.242.159.250 port 56642 on 172.104.132.106 port 22023
Feb  9 11:05:39 daemon sshd[17870]: Accepted key ED25519 SHA256:j90dNr2pzNbzKMy3ySDvQ/pK96O93Z7doCAJ+eKMYSU found at /home/mila/.ssh/authorized_keys:1
Feb  9 11:05:39 daemon sshd[17870]: Postponed publickey for mila from 197.242.159.250 port 56642 ssh2 [preauth]
Feb  9 11:05:42 daemon sshd[17870]: Accepted key ED25519 SHA256:j90dNr2pzNbzKMy3ySDvQ/pK96O93Z7doCAJ+eKMYSU found at /home/mila/.ssh/authorized_keys:1
Feb  9 11:05:42 daemon sshd[17870]: Accepted publickey for mila from 197.242.159.250 port 56642 ssh2: ED25519 SHA256:j90dNr2pzNbzKMy3ySDvQ/pK96O93Z7doCAJ+eKMYSU
Feb  9 11:05:42 daemon sshd[17870]: User child is on pid 17872
Feb  9 11:05:43 daemon sshd[17872]: Starting session: shell on pts/0 for mila from 197.242.159.250 port 56642 id 0
Feb  9 11:05:46 daemon sshd[17877]: Connection from 197.242.159.250 port 56644 on 172.104.132.106 port 22023
Feb  9 11:05:48 daemon sshd[17877]: Accepted key ED25519 SHA256:j90dNr2pzNbzKMy3ySDvQ/pK96O93Z7doCAJ+eKMYSU found at /home/mila/.ssh/authorized_keys:1
Feb  9 11:05:48 daemon sshd[17877]: Postponed publickey for mila from 197.242.159.250 port 56644 ssh2 [preauth]
Feb  9 11:05:52 daemon sshd[17877]: Accepted key ED25519 SHA256:j90dNr2pzNbzKMy3ySDvQ/pK96O93Z7doCAJ+eKMYSU found at /home/mila/.ssh/authorized_keys:1
Feb  9 11:05:52 daemon sshd[17877]: Accepted publickey for mila from 197.242.159.250 port 56644 ssh2: ED25519 SHA256:j90dNr2pzNbzKMy3ySDvQ/pK96O93Z7doCAJ+eKMYSU
Feb  9 11:05:52 daemon sshd[17877]: User child is on pid 17879
Feb  9 11:05:52 daemon sshd[17879]: Starting session: subsystem 'sftp' for mila from 197.242.159.250 port 56644 id 0
Feb  9 11:06:31 daemon sudo:     mila : TTY=pts/0 ; PWD=/home/mila ; USER=root ; COMMAND=/usr/bin/apt-get update -y
Feb  9 11:06:31 daemon sudo: pam_unix(sudo:session): session opened for user root by mila(uid=0)
Feb  9 11:06:33 daemon sudo: pam_unix(sudo:session): session closed for user root
Feb  9 11:06:42 daemon sudo:     mila : TTY=pts/0 ; PWD=/home/mila ; USER=root ; COMMAND=/usr/bin/apt-get upgrade
Feb  9 11:06:42 daemon sudo: pam_unix(sudo:session): session opened for user root by mila(uid=0)
Feb  9 11:06:43 daemon sudo: pam_unix(sudo:session): session closed for user root
Feb  9 11:07:10 daemon sudo:     mila : TTY=pts/0 ; PWD=/home/mila ; USER=root ; COMMAND=/usr/bin/su
Feb  9 11:07:10 daemon sudo: pam_unix(sudo:session): session opened for user root by mila(uid=0)
Feb  9 11:07:10 daemon su: (to root) root on pts/0
Feb  9 11:07:10 daemon su: pam_unix(su:session): session opened for user root by mila(uid=0)
Feb  9 11:07:10 daemon systemd-logind[474]: New session c2 of user root.
Feb  9 11:07:10 daemon systemd: pam_unix(systemd-user:session): session opened for user root by (uid=0)
