
Start-Date: 2022-01-25  13:00:54
Commandline: apt-get install locales-all
Requested-By: mila (1000)
Install: locales-all:amd64 (2.28-10)
End-Date: 2022-01-25  13:00:57

Start-Date: 2022-01-26  14:43:39
Commandline: apt-get install fail2ban
Requested-By: mila (1000)
Install: python3-systemd:amd64 (234-2+b1, automatic), fail2ban:amd64 (0.10.2-2.1), python3-pyinotify:amd64 (0.9.6-1, automatic)
End-Date: 2022-01-26  14:43:43

Start-Date: 2022-01-26  14:43:50
Commandline: apt-get install sendmail-bin sendmail
Requested-By: mila (1000)
Install: m4:amd64 (1.4.18-2, automatic), sendmail-cf:amd64 (8.15.2-14~deb10u1, automatic), sendmail-bin:amd64 (8.15.2-14~deb10u1), sensible-mda:amd64 (8.15.2-14~deb10u1, automatic), sendmail:amd64 (8.15.2-14~deb10u1), make:amd64 (4.2.1-1.2, automatic), sendmail-base:amd64 (8.15.2-14~deb10u1, automatic), liblockfile1:amd64 (1.14-1.1, automatic), lockfile-progs:amd64 (0.1.18, automatic), procmail:amd64 (3.22-26, automatic), libsigsegv2:amd64 (2.12-2, automatic)
End-Date: 2022-01-26  14:43:58

Start-Date: 2022-01-26  15:52:44
Commandline: apt-get install postfix
Requested-By: mila (1000)
Install: postfix:amd64 (3.4.14-0+deb10u1), ssl-cert:amd64 (1.0.39, automatic)
Remove: sendmail-bin:amd64 (8.15.2-14~deb10u1), sendmail:amd64 (8.15.2-14~deb10u1)
End-Date: 2022-01-26  15:52:58

Start-Date: 2022-01-26  16:03:28
Commandline: apt-get install mailutils
Requested-By: mila (1000)
Install: mariadb-common:amd64 (1:10.3.31-0+deb10u1, automatic), libpython2.7:amd64 (2.7.16-2+deb10u1, automatic), libltdl7:amd64 (2.4.6-9, automatic), mailutils-common:amd64 (1:3.5-4, automatic), libgsasl7:amd64 (1.8.0-8+b2, automatic), libntlm0:amd64 (1.5-1+deb10u1, automatic), guile-2.2-libs:amd64 (2.2.4+1-2+deb10u1, automatic), mailutils:amd64 (1:3.5-4), mysql-common:amd64 (5.8+1.0.5, automatic), libmailutils5:amd64 (1:3.5-4, automatic), libmariadb3:amd64 (1:10.3.31-0+deb10u1, automatic), libgc1c2:amd64 (1:7.6.4-0.4, automatic), libkyotocabinet16v5:amd64 (1.2.76-4.2+b1, automatic), libfribidi0:amd64 (1.0.5-3.1+deb10u1, automatic), liblzo2-2:amd64 (2.10-0.1, automatic)
End-Date: 2022-01-26  16:03:30

Start-Date: 2022-01-26  17:26:08
Commandline: apt-get purge postfix
Requested-By: mila (1000)
Purge: postfix:amd64 (3.4.14-0+deb10u1), sensible-mda:amd64 (8.15.2-14~deb10u1)
End-Date: 2022-01-26  17:26:11

Start-Date: 2022-01-26  17:26:25
Commandline: apt-get autoremove
Requested-By: mila (1000)
Remove: m4:amd64 (1.4.18-2), sendmail-cf:amd64 (8.15.2-14~deb10u1), ssl-cert:amd64 (1.0.39), sendmail-base:amd64 (8.15.2-14~deb10u1), liblockfile1:amd64 (1.14-1.1), lockfile-progs:amd64 (0.1.18), procmail:amd64 (3.22-26), libsigsegv2:amd64 (2.12-2)
End-Date: 2022-01-26  17:26:27

Start-Date: 2022-01-26  17:36:49
Commandline: apt-get install postfix
Requested-By: mila (1000)
Install: postfix:amd64 (3.4.14-0+deb10u1), ssl-cert:amd64 (1.0.39, automatic)
End-Date: 2022-01-26  17:36:59

Start-Date: 2022-01-26  18:35:23
Commandline: apt-get install apache2
Requested-By: mila (1000)
Install: libaprutil1:amd64 (1.6.1-4, automatic), libbrotli1:amd64 (1.0.7-2+deb10u1, automatic), libaprutil1-dbd-sqlite3:amd64 (1.6.1-4, automatic), apache2-data:amd64 (2.4.38-3+deb10u7, automatic), libapr1:amd64 (1.6.5-1+b1, automatic), libaprutil1-ldap:amd64 (1.6.1-4, automatic), liblua5.2-0:amd64 (5.2.4-1.1+b2, automatic), apache2-bin:amd64 (2.4.38-3+deb10u7, automatic), libjansson4:amd64 (2.12-1, automatic), apache2:amd64 (2.4.38-3+deb10u7), apache2-utils:amd64 (2.4.38-3+deb10u7, automatic)
End-Date: 2022-01-26  18:35:28

Start-Date: 2022-01-26  19:18:24
Commandline: apt-get install mariadb-server
Install: libhttp-message-perl:amd64 (6.18-1, automatic), libsnappy1v5:amd64 (1.1.7-1, automatic), libencode-locale-perl:amd64 (1.05-1, automatic), libmpfr6:amd64 (4.0.2-1, automatic), libdbi-perl:amd64 (1.642-1+deb10u2, automatic), libcgi-fast-perl:amd64 (1:2.13-1, automatic), libhttp-date-perl:amd64 (6.02-1, automatic), liblwp-mediatypes-perl:amd64 (6.02-1, automatic), libfcgi-perl:amd64 (0.78-2+b3, automatic), libcgi-pm-perl:amd64 (4.40-1, automatic), mariadb-server-core-10.3:amd64 (1:10.3.31-0+deb10u1, automatic), gawk:amd64 (1:4.2.1+dfsg-1, automatic), libaio1:amd64 (0.3.112-3, automatic), libio-html-perl:amd64 (1.001-1, automatic), libterm-readkey-perl:amd64 (2.38-1, automatic), mariadb-server-10.3:amd64 (1:10.3.31-0+deb10u1, automatic), libhtml-tagset-perl:amd64 (3.20-3, automatic), galera-3:amd64 (25.3.25-2, automatic), psmisc:amd64 (23.2-1+deb10u1, automatic), libreadline5:amd64 (5.2+dfsg-3+b13, automatic), libconfig-inifiles-perl:amd64 (3.000001-1, automatic), mariadb-client-10.3:amd64 (1:10.3.31-0+deb10u1, automatic), mariadb-server:amd64 (1:10.3.31-0+deb10u1), mariadb-client-core-10.3:amd64 (1:10.3.31-0+deb10u1, automatic), libhtml-template-perl:amd64 (2.97-1, automatic), libtimedate-perl:amd64 (2.3000-2+deb10u1, automatic), libdbd-mysql-perl:amd64 (4.050-2, automatic), rsync:amd64 (3.1.3-6, automatic), libhtml-parser-perl:amd64 (3.72-3+b3, automatic), liburi-perl:amd64 (1.76-1, automatic), socat:amd64 (1.7.3.2-2, automatic), libsigsegv2:amd64 (2.12-2, automatic)
End-Date: 2022-01-26  19:18:36

Start-Date: 2022-01-26  19:24:19
Commandline: apt install -y lsb-release ca-certificates apt-transport-https software-properties-common
Install: libpolkit-gobject-1-0:amd64 (0.105-25+deb10u1, automatic), python3-distro-info:amd64 (0.21, automatic), libpackagekit-glib2-18:amd64 (1.1.12-5, automatic), python3-software-properties:amd64 (0.96.20.2-2, automatic), libgirepository-1.0-1:amd64 (1.58.3-2, automatic), xdg-user-dirs:amd64 (0.17-2, automatic), libpolkit-agent-1-0:amd64 (0.105-25+deb10u1, automatic), packagekit-tools:amd64 (1.1.12-5, automatic), gir1.2-glib-2.0:amd64 (1.58.3-2, automatic), libglib2.0-bin:amd64 (2.58.3-2+deb10u3, automatic), packagekit:amd64 (1.1.12-5, automatic), shared-mime-info:amd64 (1.10-1, automatic), libpolkit-backend-1-0:amd64 (0.105-25+deb10u1, automatic), python3-dbus:amd64 (1.2.8-3, automatic), libglib2.0-data:amd64 (2.58.3-2+deb10u3, automatic), policykit-1:amd64 (0.105-25+deb10u1, automatic), python3-gi:amd64 (3.30.4-1, automatic), gir1.2-packagekitglib-1.0:amd64 (1.1.12-5, automatic), unattended-upgrades:amd64 (1.11.2, automatic), apt-transport-https:amd64 (1.8.2.3), libappstream4:amd64 (0.12.5-1, automatic), libstemmer0d:amd64 (0+svn585-1+b2, automatic), libgstreamer1.0-0:amd64 (1.14.4-1, automatic), libglib2.0-0:amd64 (2.58.3-2+deb10u3, automatic), software-properties-common:amd64 (0.96.20.2-2)
End-Date: 2022-01-26  19:24:29

Start-Date: 2022-01-26  19:27:55
Commandline: apt-get install gnupg
Install: gnupg-utils:amd64 (2.2.12-1+deb10u1, automatic), gpg-wks-client:amd64 (2.2.12-1+deb10u1, automatic), gnupg-l10n:amd64 (2.2.12-1+deb10u1, automatic), libksba8:amd64 (1.3.5-2, automatic), gpg-wks-server:amd64 (2.2.12-1+deb10u1, automatic), gpg:amd64 (2.2.12-1+deb10u1, automatic), libassuan0:amd64 (2.5.2-1, automatic), dirmngr:amd64 (2.2.12-1+deb10u1, automatic), gnupg:amd64 (2.2.12-1+deb10u1), pinentry-curses:amd64 (1.1.0-2, automatic), libnpth0:amd64 (1.6-1, automatic), gpg-agent:amd64 (2.2.12-1+deb10u1, automatic), gpgconf:amd64 (2.2.12-1+deb10u1, automatic), gpgsm:amd64 (2.2.12-1+deb10u1, automatic)
End-Date: 2022-01-26  19:27:57

Start-Date: 2022-01-26  19:34:55
Commandline: apt-get install php8.0
Install: php8.0-readline:amd64 (8.0.14-1+0~20211220.28+debian10~1.gbpad68c7, automatic), php-common:amd64 (2:92+0~20220117.43+debian10~1.gbpe0d14e, automatic), php8.0-cli:amd64 (8.0.14-1+0~20211220.28+debian10~1.gbpad68c7, automatic), php8.0:amd64 (8.0.14-1+0~20211220.28+debian10~1.gbpad68c7), php8.0-opcache:amd64 (8.0.14-1+0~20211220.28+debian10~1.gbpad68c7, automatic), libsodium23:amd64 (1.0.18-1+0~20191009.1+debian10~1.gbpb6823f, automatic), php8.0-common:amd64 (8.0.14-1+0~20211220.28+debian10~1.gbpad68c7, automatic), libapache2-mod-php8.0:amd64 (8.0.14-1+0~20211220.28+debian10~1.gbpad68c7, automatic)
Upgrade: libpcre2-8-0:amd64 (10.32-5, 10.39-2+0~20211122.14+debian10~1.gbp0d570b)
End-Date: 2022-01-26  19:35:06

Start-Date: 2022-01-26  19:35:35
Commandline: apt-get install php8.0-mysql php8.0-mbstring php8.0-xml php8.0-bcmath php8.0-curl php8.0-gd php8.0-zip
Install: libwebp6:amd64 (0.6.1-2+deb10u1, automatic), php8.0-mbstring:amd64 (8.0.14-1+0~20211220.28+debian10~1.gbpad68c7), php8.0-gd:amd64 (8.0.14-1+0~20211220.28+debian10~1.gbpad68c7), libzip4:amd64 (1.7.3-1+0~20210114.10+debian10~1.gbp4c125d, automatic), libgd3:amd64 (2.2.5-5.2+0~20190808.4+debian10~1.gbp6d9343, automatic), fontconfig-config:amd64 (2.13.1-2, automatic), libtiff5:amd64 (4.1.0+git191117-2~deb10u3, automatic), fonts-dejavu-core:amd64 (2.37-1, automatic), php8.0-xml:amd64 (8.0.14-1+0~20211220.28+debian10~1.gbpad68c7), libfontconfig1:amd64 (2.13.1-2, automatic), php8.0-zip:amd64 (8.0.14-1+0~20211220.28+debian10~1.gbpad68c7), libonig5:amd64 (6.9.1-1, automatic), libjbig0:amd64 (2.1-3.1+b2, automatic), libxpm4:amd64 (1:3.5.12-1, automatic), php8.0-bcmath:amd64 (8.0.14-1+0~20211220.28+debian10~1.gbpad68c7), libjpeg62-turbo:amd64 (1:1.5.2-2+deb10u1, automatic), php8.0-mysql:amd64 (8.0.14-1+0~20211220.28+debian10~1.gbpad68c7), php8.0-curl:amd64 (8.0.14-1+0~20211220.28+debian10~1.gbpad68c7), libxslt1.1:amd64 (1.1.32-2.2~deb10u1, automatic)
End-Date: 2022-01-26  19:35:43

Start-Date: 2022-01-26  19:37:00
Commandline: apt-get upgrade
Upgrade: libargon2-1:amd64 (0~20171227-0.2, 0~20190702-0.1+0~20190710.3+debian10~1.gbp2fb167), libpcre3:amd64 (2:8.39-12, 2:8.44-2+0~20210301.9+debian10~1.gbpa278ad), libzstd1:amd64 (1.3.8+dfsg-3+deb10u2, 1.4.8+dfsg-2+0~20210302.3+debian10~1.gbp8effd2), libidn2-0:amd64 (2.0.5-1+deb10u1, 2.2.0-2+0~20200302.4+debian10~1.gbpf85c2e)
End-Date: 2022-01-26  19:37:00

Start-Date: 2022-01-26  19:40:44
Commandline: apt install php-gd php-mbstring php-xml php-xmlrpc
Requested-By: mila (1000)
Install: php-gd:amd64 (2:8.1+92+0~20220117.43+debian10~1.gbpe0d14e), php-xml:amd64 (2:8.1+92+0~20220117.43+debian10~1.gbpe0d14e), php8.1-xml:amd64 (8.1.1-1+0~20211220.11+debian10~1.gbp519568, automatic), php8.1-common:amd64 (8.1.1-1+0~20211220.11+debian10~1.gbp519568, automatic), php8.1-mbstring:amd64 (8.1.1-1+0~20211220.11+debian10~1.gbp519568, automatic), php8.1-readline:amd64 (8.1.1-1+0~20211220.11+debian10~1.gbp519568, automatic), php8.1-opcache:amd64 (8.1.1-1+0~20211220.11+debian10~1.gbp519568, automatic), php8.1-cli:amd64 (8.1.1-1+0~20211220.11+debian10~1.gbp519568, automatic), php-xmlrpc:amd64 (3:1.0.0~rc3-4+0~20220117.10+debian10~1.gbp1325df), php-mbstring:amd64 (2:8.1+92+0~20220117.43+debian10~1.gbpe0d14e), libxmlrpc-epi0:amd64 (0.54.2-1.2, automatic), php8.1-gd:amd64 (8.1.1-1+0~20211220.11+debian10~1.gbp519568, automatic), php8.1-phpdbg:amd64 (8.1.1-1+0~20211220.11+debian10~1.gbp519568, automatic), php8.1-xmlrpc:amd64 (3:1.0.0~rc3-4+0~20220117.10+debian10~1.gbp1325df, automatic)
End-Date: 2022-01-26  19:40:59

Start-Date: 2022-01-26  19:53:59
Commandline: apt install libapache2-mod-evasive
Requested-By: mila (1000)
Install: libapache2-mod-evasive:amd64 (1.10.1-3)
End-Date: 2022-01-26  19:54:01

Start-Date: 2022-01-26  20:10:09
Commandline: apt-get install libapache2-mod-security2
Requested-By: mila (1000)
Install: modsecurity-crs:amd64 (3.1.0-1+deb10u2, automatic), libyajl2:amd64 (2.1.0-3, automatic), libapache2-mod-security2:amd64 (2.9.3-1+deb10u1), liblua5.1-0:amd64 (5.1.5-8.1+b2, automatic)
End-Date: 2022-01-26  20:10:11

Start-Date: 2022-01-26  20:13:30
Commandline: apt install git
Requested-By: mila (1000)
Install: git-man:amd64 (1:2.20.1-2+deb10u3, automatic), git:amd64 (1:2.20.1-2+deb10u3), patch:amd64 (2.7.6-3+deb10u1, automatic), liberror-perl:amd64 (0.17027-2, automatic)
End-Date: 2022-01-26  20:13:33

Start-Date: 2022-01-26  20:56:01
Commandline: apt-get purge libapache2-mod-security2
Purge: libapache2-mod-security2:amd64 (2.9.3-1+deb10u1)
End-Date: 2022-01-26  20:56:02

Start-Date: 2022-01-26  20:56:24
Commandline: apt-get autoremove
Remove: modsecurity-crs:amd64 (3.1.0-1+deb10u2), libyajl2:amd64 (2.1.0-3), liblua5.1-0:amd64 (5.1.5-8.1+b2)
End-Date: 2022-01-26  20:56:24

Start-Date: 2022-01-26  20:56:48
Commandline: apt install libapache2-mod-security2
Install: modsecurity-crs:amd64 (3.1.0-1+deb10u2, automatic), libyajl2:amd64 (2.1.0-3, automatic), libapache2-mod-security2:amd64 (2.9.3-1+deb10u1), liblua5.1-0:amd64 (5.1.5-8.1+b2, automatic)
End-Date: 2022-01-26  20:56:48

Start-Date: 2022-01-26  22:13:52
Commandline: apt install snapd
Requested-By: mila (1000)
Install: snapd:amd64 (2.37.4-1+b1), squashfs-tools:amd64 (1:4.3-12+deb10u2, automatic)
End-Date: 2022-01-26  22:13:57

Start-Date: 2022-01-26  22:24:29
Commandline: apt install lynis
Requested-By: mila (1000)
Install: lynis:amd64 (3.0.7-100)
End-Date: 2022-01-26  22:24:29

Start-Date: 2022-01-26  22:36:04
Commandline: apt-get install inotify-tools build-essential
Requested-By: mila (1000)
Install: libmpc3:amd64 (1.1.0-1, automatic), libmpx2:amd64 (8.3.0-6, automatic), linux-libc-dev:amd64 (4.19.208-1, automatic), inotify-tools:amd64 (3.14-7), libfakeroot:amd64 (1.23-1, automatic), libc6-dev:amd64 (2.28-10, automatic), cpp-8:amd64 (8.3.0-6, automatic), libalgorithm-diff-perl:amd64 (1.19.03-2, automatic), libalgorithm-merge-perl:amd64 (0.08-3, automatic), binutils:amd64 (2.31.1-16, automatic), cpp:amd64 (4:8.3.0-1, automatic), libitm1:amd64 (8.3.0-6, automatic), g++:amd64 (4:8.3.0-1, automatic), gcc:amd64 (4:8.3.0-1, automatic), libasan5:amd64 (8.3.0-6, automatic), libquadmath0:amd64 (8.3.0-6, automatic), libisl19:amd64 (0.20-2, automatic), build-essential:amd64 (12.6), libfile-fcntllock-perl:amd64 (0.22-3+b5, automatic), binutils-x86-64-linux-gnu:amd64 (2.31.1-16, automatic), libgcc-8-dev:amd64 (8.3.0-6, automatic), libtsan0:amd64 (8.3.0-6, automatic), libubsan1:amd64 (8.3.0-6, automatic), g++-8:amd64 (8.3.0-6, automatic), fakeroot:amd64 (1.23-1, automatic), gcc-8:amd64 (8.3.0-6, automatic), liblsan0:amd64 (8.3.0-6, automatic), libgomp1:amd64 (8.3.0-6, automatic), manpages-dev:amd64 (4.16-2, automatic), binutils-common:amd64 (2.31.1-16, automatic), libc-dev-bin:amd64 (2.28-10, automatic), libbinutils:amd64 (2.31.1-16, automatic), libatomic1:amd64 (8.3.0-6, automatic), libcc1-0:amd64 (8.3.0-6, automatic), libdpkg-perl:amd64 (1.19.7, automatic), libinotifytools0:amd64 (3.14-7, automatic), libalgorithm-diff-xs-perl:amd64 (0.04-5+b1, automatic), libstdc++-8-dev:amd64 (8.3.0-6, automatic), dpkg-dev:amd64 (1.19.7, automatic)
End-Date: 2022-01-26  22:36:27

Start-Date: 2022-01-26  22:38:15
Commandline: /usr/bin/apt -y install oum
Requested-By: mila (1000)
Install: bc:amd64 (1.07.1-2+b1, automatic), libtcl8.6:amd64 (8.6.9+dfsg-2, automatic), oum:amd64 (0.2-17946buster), tcl8.6:amd64 (8.6.9+dfsg-2, automatic), ossec-hids-server:amd64 (3.6.0-14954buster, automatic), tcl-expect:amd64 (5.45.4-2, automatic), expect:amd64 (5.45.4-2, automatic), libevent-2.1-6:amd64 (2.1.8-stable-4, automatic)
End-Date: 2022-01-26  22:38:16

Start-Date: 2022-01-26  22:55:11
Commandline: apt-get install locate
Install: locate:amd64 (4.6.0+git+20190209-2)
End-Date: 2022-01-26  22:55:11

Start-Date: 2022-01-27  01:16:58
Commandline: apt-get install -y linode-longview
Requested-By: mila (1000)
Install: linode-longview:amd64 (1.1.5xenial1), libhttp-daemon-perl:amd64 (6.01-3, automatic), libwww-robotrules-perl:amd64 (6.02-1, automatic), libauthen-sasl-perl:amd64 (2.1600-1, automatic), libnet-ssleay-perl:amd64 (1.85-2+b1, automatic), libhtml-form-perl:amd64 (6.03-1, automatic), libdata-dump-perl:amd64 (1.23-1, automatic), liblinux-distribution-perl:amd64 (0.23-1, automatic), libtry-tiny-perl:amd64 (0.30-1, automatic), libjson-perl:amd64 (4.02000-1, automatic), libhttp-negotiate-perl:amd64 (6.01-1, automatic), libio-socket-inet6-perl:amd64 (2.72-2, automatic), libwww-perl:amd64 (6.36-2, automatic), libnet-http-perl:amd64 (6.18-1, automatic), libnet-smtp-ssl-perl:amd64 (1.04-1, automatic), libjson-xs-perl:amd64 (3.040-1+b1, automatic), libio-socket-ssl-perl:amd64 (2.060-3, automatic), libfile-listing-perl:amd64 (6.04-1, automatic), liblwp-protocol-https-perl:amd64 (6.07-2, automatic), liblog-loglite-perl:amd64 (0.82-8, automatic), libhtml-tree-perl:amd64 (5.07-2, automatic), libmailtools-perl:amd64 (2.18-1, automatic), perl-openssl-defaults:amd64 (3, automatic), libtypes-serialiser-perl:amd64 (1.0-1, automatic), libfont-afm-perl:amd64 (1.20-2, automatic), libhttp-cookies-perl:amd64 (6.04-1, automatic), libcommon-sense-perl:amd64 (3.74-2+b7, automatic), libsocket6-perl:amd64 (0.29-1+b1, automatic), libio-lockedfile-perl:amd64 (0.23+d030220-4, automatic), libhtml-format-perl:amd64 (2.12-1, automatic)
End-Date: 2022-01-27  01:17:02

Start-Date: 2022-01-27  02:20:37
Commandline: apt-get upgrade
Requested-By: mila (1000)
Upgrade: libapache2-mod-security2:amd64 (2.9.3-1+deb10u1, 2.9.3-15485buster)
End-Date: 2022-01-27  02:20:54

Start-Date: 2022-01-27  17:45:55
Commandline: apt-get full-upgrade
Requested-By: mila (1000)
Install: libicu65:amd64 (65.1-1+0~20200223.8+debian10~1.gbp519cf3, automatic)
Upgrade: php8.1-xml:amd64 (8.1.1-1+0~20211220.11+debian10~1.gbp519568, 8.1.2-1+0~20220127.12+debian10~1.gbpe46588), php8.1-common:amd64 (8.1.1-1+0~20211220.11+debian10~1.gbp519568, 8.1.2-1+0~20220127.12+debian10~1.gbpe46588), php8.1-mbstring:amd64 (8.1.1-1+0~20211220.11+debian10~1.gbp519568, 8.1.2-1+0~20220127.12+debian10~1.gbpe46588), php8.1-readline:amd64 (8.1.1-1+0~20211220.11+debian10~1.gbp519568, 8.1.2-1+0~20220127.12+debian10~1.gbpe46588), php8.1-opcache:amd64 (8.1.1-1+0~20211220.11+debian10~1.gbp519568, 8.1.2-1+0~20220127.12+debian10~1.gbpe46588), php8.1-cli:amd64 (8.1.1-1+0~20211220.11+debian10~1.gbp519568, 8.1.2-1+0~20220127.12+debian10~1.gbpe46588), libxml2:amd64 (2.9.4+dfsg1-7+deb10u2, 2.9.12+dfsg-0+0~20210621.9+debian10~1.gbp43e861), php8.1-gd:amd64 (8.1.1-1+0~20211220.11+debian10~1.gbp519568, 8.1.2-1+0~20220127.12+debian10~1.gbpe46588), php8.1-phpdbg:amd64 (8.1.1-1+0~20211220.11+debian10~1.gbp519568, 8.1.2-1+0~20220127.12+debian10~1.gbpe46588)
End-Date: 2022-01-27  17:46:16

Start-Date: 2022-01-28  00:05:26
Commandline: apt-get install tree
Requested-By: mila (1000)
Install: tree:amd64 (1.8.0-1)
End-Date: 2022-01-28  00:05:27

Start-Date: 2022-01-28  15:33:11
Commandline: apt-get install htop
Requested-By: mila (1000)
Install: htop:amd64 (2.2.0-1+b1)
End-Date: 2022-01-28  15:33:12

Start-Date: 2022-01-28  23:22:26
Commandline: apt-get remove linode-longview
Remove: linode-longview:amd64 (1.1.5xenial1)
End-Date: 2022-01-28  23:22:27

Start-Date: 2022-01-28  23:22:47
Commandline: apt autoremove
Remove: liblinux-distribution-perl:amd64 (0.23-1), libjson-perl:amd64 (4.02000-1), libjson-xs-perl:amd64 (3.040-1+b1), liblog-loglite-perl:amd64 (0.82-8), libtypes-serialiser-perl:amd64 (1.0-1), libcommon-sense-perl:amd64 (3.74-2+b7), libio-lockedfile-perl:amd64 (0.23+d030220-4)
End-Date: 2022-01-28  23:22:48

Start-Date: 2022-01-29  16:31:33
Commandline: apt-get upgrade
Requested-By: mila (1000)
Upgrade: php8.0-mbstring:amd64 (8.0.14-1+0~20211220.28+debian10~1.gbpad68c7, 8.0.15-1+0~20220129.29+debian10~1.gbpc7cb1f), php8.0-readline:amd64 (8.0.14-1+0~20211220.28+debian10~1.gbpad68c7, 8.0.15-1+0~20220129.29+debian10~1.gbpc7cb1f), php8.0-gd:amd64 (8.0.14-1+0~20211220.28+debian10~1.gbpad68c7, 8.0.15-1+0~20220129.29+debian10~1.gbpc7cb1f), php8.0-cli:amd64 (8.0.14-1+0~20211220.28+debian10~1.gbpad68c7, 8.0.15-1+0~20220129.29+debian10~1.gbpc7cb1f), php8.0:amd64 (8.0.14-1+0~20211220.28+debian10~1.gbpad68c7, 8.0.15-1+0~20220129.29+debian10~1.gbpc7cb1f), php8.0-opcache:amd64 (8.0.14-1+0~20211220.28+debian10~1.gbpad68c7, 8.0.15-1+0~20220129.29+debian10~1.gbpc7cb1f), php8.0-xml:amd64 (8.0.14-1+0~20211220.28+debian10~1.gbpad68c7, 8.0.15-1+0~20220129.29+debian10~1.gbpc7cb1f), php8.0-zip:amd64 (8.0.14-1+0~20211220.28+debian10~1.gbpad68c7, 8.0.15-1+0~20220129.29+debian10~1.gbpc7cb1f), php8.0-common:amd64 (8.0.14-1+0~20211220.28+debian10~1.gbpad68c7, 8.0.15-1+0~20220129.29+debian10~1.gbpc7cb1f), php8.0-bcmath:amd64 (8.0.14-1+0~20211220.28+debian10~1.gbpad68c7, 8.0.15-1+0~20220129.29+debian10~1.gbpc7cb1f), php8.0-mysql:amd64 (8.0.14-1+0~20211220.28+debian10~1.gbpad68c7, 8.0.15-1+0~20220129.29+debian10~1.gbpc7cb1f), libapache2-mod-php8.0:amd64 (8.0.14-1+0~20211220.28+debian10~1.gbpad68c7, 8.0.15-1+0~20220129.29+debian10~1.gbpc7cb1f), php8.0-curl:amd64 (8.0.14-1+0~20211220.28+debian10~1.gbpad68c7, 8.0.15-1+0~20220129.29+debian10~1.gbpc7cb1f)
End-Date: 2022-01-29  16:31:54
