2022-01-27 06:11:36,937 INFO Initial blacklist : 
2022-01-27 06:11:36,937 INFO Initial whitelist: 
2022-01-27 06:11:36,937 INFO Starting unattended upgrades script
2022-01-27 06:11:36,938 INFO Allowed origins are: origin=Debian,codename=buster,label=Debian, origin=Debian,codename=buster,label=Debian-Security
2022-01-27 06:11:37,944 WARNING package libxml2 upgradable but fails to be marked for upgrade ()
2022-01-27 06:11:38,386 INFO Packages that will be upgraded: 
2022-01-27 13:54:40,427 INFO Initial blacklist : 
2022-01-27 13:54:40,428 INFO Initial whitelist: 
2022-01-27 13:54:40,428 INFO Starting unattended upgrades script
2022-01-27 13:54:40,429 INFO Allowed origins are: origin=Debian,codename=buster,label=Debian, origin=Debian,codename=buster,label=Debian-Security
2022-01-27 13:54:41,338 WARNING package libxml2 upgradable but fails to be marked for upgrade ()
2022-01-28 15:12:46,770 INFO Initial blacklist : 
2022-01-28 15:12:46,771 INFO Initial whitelist: 
2022-01-28 15:12:46,771 INFO Starting unattended upgrades script
2022-01-28 15:12:46,771 INFO Allowed origins are: origin=Debian,codename=buster,label=Debian, origin=Debian,codename=buster,label=Debian-Security
2022-01-28 15:12:49,016 INFO Initial blacklist : 
2022-01-28 15:12:49,017 INFO Initial whitelist: 
2022-01-28 15:12:49,017 INFO Starting unattended upgrades script
2022-01-28 15:12:49,017 INFO Allowed origins are: origin=Debian,codename=buster,label=Debian, origin=Debian,codename=buster,label=Debian-Security
2022-01-28 15:12:50,246 INFO No packages found that can be upgraded unattended and no pending auto-removals
2022-01-29 03:57:26,123 INFO Initial blacklist : 
2022-01-29 03:57:26,124 INFO Initial whitelist: 
2022-01-29 03:57:26,124 INFO Starting unattended upgrades script
2022-01-29 03:57:26,124 INFO Allowed origins are: origin=Debian,codename=buster,label=Debian, origin=Debian,codename=buster,label=Debian-Security
2022-01-29 06:14:53,248 INFO Initial blacklist : 
2022-01-29 06:14:53,249 INFO Initial whitelist: 
2022-01-29 06:14:53,249 INFO Starting unattended upgrades script
2022-01-29 06:14:53,249 INFO Allowed origins are: origin=Debian,codename=buster,label=Debian, origin=Debian,codename=buster,label=Debian-Security
2022-01-29 06:14:54,585 INFO No packages found that can be upgraded unattended and no pending auto-removals
2022-01-30 02:31:44,778 INFO Initial blacklist : 
2022-01-30 02:31:44,778 INFO Initial whitelist: 
2022-01-30 02:31:44,779 INFO Starting unattended upgrades script
2022-01-30 02:31:44,779 INFO Allowed origins are: origin=Debian,codename=buster,label=Debian, origin=Debian,codename=buster,label=Debian-Security
